#
# A fatal error has been detected by the Java Runtime Environment:
#
#  EXCEPTION_ACCESS_VIOLATION (0xc0000005) at pc=0x772a8e19, pid=1912, tid=12084
#
# JRE version: 7.0_25-b17
# Java VM: Java HotSpot(TM) Client VM (23.25-b01 mixed mode, sharing windows-x86 )
# Problematic frame:
# C  [ntdll.dll+0x38e19]  RtlIntegerToUnicodeString+0x2fc
#
# Failed to write core dump. Minidumps are not enabled by default on client versions of Windows
#
# If you would like to submit a bug report, please visit:
#   http://bugreport.sun.com/bugreport/crash.jsp
# The crash happened outside the Java Virtual Machine in native code.
# See problematic frame for where to report the bug.
#

---------------  T H R E A D  ---------------

Current thread (0x003ec400):  JavaThread "main" [_thread_in_native, id=12084, stack(0x00310000,0x00360000)]

siginfo: ExceptionCode=0xc0000005, writing address 0x00000014

Registers:
EAX=0x00000000, EBX=0xfffffffc, ECX=0x00000000, EDX=0x00000004
ESP=0x0035f9a8, EBP=0x0035f9f8, ESI=0x063cef84, EDI=0x063cef88
EIP=0x772a8e19, EFLAGS=0x00010213

Top of Stack: (sp=0x0035f9a8)
0x0035f9a8:   063cef84 063cef88 00000000 00000000
0x0035f9b8:   00000000 00000000 00000000 00000000
0x0035f9c8:   00000000 ff676980 ffffffff 00000000
0x0035f9d8:   0035f998 0035f9e8 0035fa8c 00000000
0x0035f9e8:   00000000 00000000 7efda000 000004bc
0x0035f9f8:   0035fa20 772a8d28 00000000 00000000
0x0035fa08:   00000000 00000000 100b0838 00000004
0x0035fa18:   00000000 00000001 0035fa38 0fed372b 

Instructions: (pc=0x772a8e19)
0x772a8df9:   c2 8b d8 8b c1 f0 0f b1 1f 3b c1 0f 85 58 fe ff
0x772a8e09:   ff 33 c0 89 45 0c 89 45 08 8b 06 83 f8 ff 74 03
0x772a8e19:   ff 40 14 8b 5d f4 8b 7d f0 80 3d 82 03 fe 7f 00
0x772a8e29:   0f 85 da 99 04 00 8b 45 fc 57 6a 00 83 f8 ff 0f 


Register to memory mapping:

EAX=0x00000000 is an unknown value
EBX=0xfffffffc is an unknown value
ECX=0x00000000 is an unknown value
EDX=0x00000004 is an unknown value
ESP=0x0035f9a8 is pointing into the stack for thread: 0x003ec400
EBP=0x0035f9f8 is pointing into the stack for thread: 0x003ec400
ESI=0x063cef84 is an unknown value
EDI=0x063cef88 is an unknown value


Stack: [0x00310000,0x00360000],  sp=0x0035f9a8,  free space=318k
Native frames: (J=compiled Java code, j=interpreted, Vv=VM code, C=native code)
C  [ntdll.dll+0x38e19]  RtlIntegerToUnicodeString+0x2fc
C  [ntdll.dll+0x38d28]  RtlIntegerToUnicodeString+0x20b
C  [opencv_highgui249.dll+0x1372b]  cvShowImage+0x21eb
C  [opencv_highgui249.dll+0x144c0]  cvShowImage+0x2f80
C  [jniopencv_highgui.dll+0x167cb]  Java_org_bytedeco_javacpp_opencv_1highgui_cvQueryFrame+0x5b
j  org.bytedeco.javacpp.opencv_highgui.cvQueryFrame(Lorg/bytedeco/javacpp/opencv_highgui$CvCapture;)Lorg/bytedeco/javacpp/opencv_core$IplImage;+0
j  Webcam.start()V+95
j  Webcam.main([Ljava/lang/String;)V+0
v  ~StubRoutines::call_stub
V  [jvm.dll+0x124afa]
V  [jvm.dll+0x1d224e]
V  [jvm.dll+0x124b7d]
V  [jvm.dll+0xab0cf]
V  [jvm.dll+0xb5397]
C  [java.exe+0x205f]
C  [java.exe+0xa5a1]
C  [java.exe+0xa62b]
C  [kernel32.dll+0x1338a]  BaseThreadInitThunk+0x12
C  [ntdll.dll+0x39f72]  RtlInitializeExceptionChain+0x63
C  [ntdll.dll+0x39f45]  RtlInitializeExceptionChain+0x36

Java frames: (J=compiled Java code, j=interpreted, Vv=VM code)
j  org.bytedeco.javacpp.opencv_highgui.cvQueryFrame(Lorg/bytedeco/javacpp/opencv_highgui$CvCapture;)Lorg/bytedeco/javacpp/opencv_core$IplImage;+0
j  Webcam.start()V+95
j  Webcam.main([Ljava/lang/String;)V+0
v  ~StubRoutines::call_stub

---------------  P R O C E S S  ---------------

Java Threads: ( => current thread )
  0x04cc5400 JavaThread "AWT-EventQueue-0" [_thread_in_native, id=6188, stack(0x050b0000,0x05100000)]
  0x04cb5400 JavaThread "AWT-Windows" daemon [_thread_in_native, id=7004, stack(0x05350000,0x053a0000)]
  0x04cb4c00 JavaThread "AWT-Shutdown" [_thread_blocked, id=7512, stack(0x052c0000,0x05310000)]
  0x04cb2800 JavaThread "Java2D Disposer" daemon [_thread_blocked, id=8544, stack(0x051b0000,0x05200000)]
  0x01fb5400 JavaThread "Service Thread" daemon [_thread_blocked, id=9672, stack(0x04aa0000,0x04af0000)]
  0x01fb0400 JavaThread "C1 CompilerThread0" daemon [_thread_blocked, id=9656, stack(0x04a30000,0x04a80000)]
  0x01faf000 JavaThread "Attach Listener" daemon [_thread_blocked, id=8512, stack(0x04780000,0x047d0000)]
  0x01fac000 JavaThread "Signal Dispatcher" daemon [_thread_blocked, id=6596, stack(0x045b0000,0x04600000)]
  0x01f98c00 JavaThread "Finalizer" daemon [_thread_blocked, id=6860, stack(0x04840000,0x04890000)]
  0x01f93c00 JavaThread "Reference Handler" daemon [_thread_blocked, id=3216, stack(0x04720000,0x04770000)]
=>0x003ec400 JavaThread "main" [_thread_in_native, id=12084, stack(0x00310000,0x00360000)]

Other Threads:
  0x01f92400 VMThread [stack: 0x04640000,0x04690000] [id=5152]
  0x01fcdc00 WatcherThread [stack: 0x04af0000,0x04b40000] [id=10020]

VM state:not at safepoint (normal execution)

VM Mutex/Monitor currently owned by a thread: None

Heap
 def new generation   total 4928K, used 617K [0x24550000, 0x24aa0000, 0x29aa0000)
  eden space 4416K,   8% used [0x24550000, 0x245b2eb8, 0x249a0000)
  from space 512K,  43% used [0x249a0000, 0x249d7650, 0x24a20000)
  to   space 512K,   0% used [0x24a20000, 0x24a20000, 0x24aa0000)
 tenured generation   total 10944K, used 4987K [0x29aa0000, 0x2a550000, 0x34550000)
   the space 10944K,  45% used [0x29aa0000, 0x29f7ec58, 0x29f7ee00, 0x2a550000)
 compacting perm gen  total 12288K, used 2687K [0x34550000, 0x35150000, 0x38550000)
   the space 12288K,  21% used [0x34550000, 0x347efc60, 0x347efe00, 0x35150000)
    ro space 10240K,  45% used [0x38550000, 0x389d9b28, 0x389d9c00, 0x38f50000)
    rw space 12288K,  54% used [0x38f50000, 0x395dd0e8, 0x395dd200, 0x39b50000)

Card table byte_map: [0x04490000,0x04540000] byte_map_base: 0x0436d580

Polling page: 0x00180000

Code Cache  [0x02490000, 0x02590000, 0x04490000)
 total_blobs=535 nmethods=276 adapters=194 free_code_cache=31750Kb largest_free_block=32512512

Compilation events (10 events):
Event: 4.957 Thread 0x01fb0400  270             sun.reflect.ByteVectorImpl::add (38 bytes)
Event: 4.957 Thread 0x01fb0400 nmethod 270 0x0258cc48 code [0x0258cd50, 0x0258ce3c]
Event: 4.958 Thread 0x01fb0400  271             sun.util.logging.PlatformLogger::isLoggable (9 bytes)
Event: 4.958 Thread 0x01fb0400 nmethod 271 0x0258cf48 code [0x0258d040, 0x0258d100]
Event: 4.958 Thread 0x01fb0400  272             sun.util.logging.PlatformLogger$LoggerProxy::isLoggable (21 bytes)
Event: 4.958 Thread 0x01fb0400 nmethod 272 0x0258d188 code [0x0258d280, 0x0258d330]
Event: 4.961 Thread 0x01fb0400  274             sun.font.FontDesignMetrics::stringWidth (154 bytes)
Event: 4.962 Thread 0x01fb0400 nmethod 274 0x0258d648 code [0x0258d820, 0x0258dd0c]
Event: 4.963 Thread 0x01fb0400  275             javax.swing.GroupLayout$Group::getSpring (14 bytes)
Event: 4.963 Thread 0x01fb0400 nmethod 275 0x0258e3c8 code [0x0258e4d0, 0x0258e58c]

GC Heap History (8 events):
Event: 0.303 GC heap before
{Heap before GC invocations=0 (full 0):
 def new generation   total 4928K, used 4368K [0x24550000, 0x24aa0000, 0x29aa0000)
  eden space 4416K,  98% used [0x24550000, 0x24994300, 0x249a0000)
  from space 512K,   0% used [0x249a0000, 0x249a0000, 0x24a20000)
  to   space 512K,   0% used [0x24a20000, 0x24a20000, 0x24aa0000)
 tenured generation   total 10944K, used 0K [0x29aa0000, 0x2a550000, 0x34550000)
   the space 10944K,   0% used [0x29aa0000, 0x29aa0000, 0x29aa0200, 0x2a550000)
 compacting perm gen  total 12288K, used 1190K [0x34550000, 0x35150000, 0x38550000)
   the space 12288K,   9% used [0x34550000, 0x34679998, 0x34679a00, 0x35150000)
    ro space 10240K,  45% used [0x38550000, 0x389d9b28, 0x389d9c00, 0x38f50000)
    rw space 12288K,  54% used [0x38f50000, 0x395dd0e8, 0x395dd200, 0x39b50000)
Event: 0.310 GC heap after
Heap after GC invocations=1 (full 0):
 def new generation   total 4928K, used 512K [0x24550000, 0x24aa0000, 0x29aa0000)
  eden space 4416K,   0% used [0x24550000, 0x24550000, 0x249a0000)
  from space 512K, 100% used [0x24a20000, 0x24aa0000, 0x24aa0000)
  to   space 512K,   0% used [0x249a0000, 0x249a0000, 0x24a20000)
 tenured generation   total 10944K, used 1411K [0x29aa0000, 0x2a550000, 0x34550000)
   the space 10944K,  12% used [0x29aa0000, 0x29c00c40, 0x29c00e00, 0x2a550000)
 compacting perm gen  total 12288K, used 1190K [0x34550000, 0x35150000, 0x38550000)
   the space 12288K,   9% used [0x34550000, 0x34679998, 0x34679a00, 0x35150000)
    ro space 10240K,  45% used [0x38550000, 0x389d9b28, 0x389d9c00, 0x38f50000)
    rw space 12288K,  54% used [0x38f50000, 0x395dd0e8, 0x395dd200, 0x39b50000)
}
Event: 0.576 GC heap before
{Heap before GC invocations=1 (full 0):
 def new generation   total 4928K, used 4928K [0x24550000, 0x24aa0000, 0x29aa0000)
  eden space 4416K, 100% used [0x24550000, 0x249a0000, 0x249a0000)
  from space 512K, 100% used [0x24a20000, 0x24aa0000, 0x24aa0000)
  to   space 512K,   0% used [0x249a0000, 0x249a0000, 0x24a20000)
 tenured generation   total 10944K, used 1411K [0x29aa0000, 0x2a550000, 0x34550000)
   the space 10944K,  12% used [0x29aa0000, 0x29c00c40, 0x29c00e00, 0x2a550000)
 compacting perm gen  total 12288K, used 2096K [0x34550000, 0x35150000, 0x38550000)
   the space 12288K,  17% used [0x34550000, 0x3475c3e0, 0x3475c400, 0x35150000)
    ro space 10240K,  45% used [0x38550000, 0x389d9b28, 0x389d9c00, 0x38f50000)
    rw space 12288K,  54% used [0x38f50000, 0x395dd0e8, 0x395dd200, 0x39b50000)
Event: 0.580 GC heap after
Heap after GC invocations=2 (full 0):
 def new generation   total 4928K, used 512K [0x24550000, 0x24aa0000, 0x29aa0000)
  eden space 4416K,   0% used [0x24550000, 0x24550000, 0x249a0000)
  from space 512K, 100% used [0x249a0000, 0x24a20000, 0x24a20000)
  to   space 512K,   0% used [0x24a20000, 0x24a20000, 0x24aa0000)
 tenured generation   total 10944K, used 2034K [0x29aa0000, 0x2a550000, 0x34550000)
   the space 10944K,  18% used [0x29aa0000, 0x29c9cb50, 0x29c9cc00, 0x2a550000)
 compacting perm gen  total 12288K, used 2096K [0x34550000, 0x35150000, 0x38550000)
   the space 12288K,  17% used [0x34550000, 0x3475c3e0, 0x3475c400, 0x35150000)
    ro space 10240K,  45% used [0x38550000, 0x389d9b28, 0x389d9c00, 0x38f50000)
    rw space 12288K,  54% used [0x38f50000, 0x395dd0e8, 0x395dd200, 0x39b50000)
}
Event: 1.315 GC heap before
{Heap before GC invocations=2 (full 0):
 def new generation   total 4928K, used 4928K [0x24550000, 0x24aa0000, 0x29aa0000)
  eden space 4416K, 100% used [0x24550000, 0x249a0000, 0x249a0000)
  from space 512K, 100% used [0x249a0000, 0x24a20000, 0x24a20000)
  to   space 512K,   0% used [0x24a20000, 0x24a20000, 0x24aa0000)
 tenured generation   total 10944K, used 2034K [0x29aa0000, 0x2a550000, 0x34550000)
   the space 10944K,  18% used [0x29aa0000, 0x29c9cb50, 0x29c9cc00, 0x2a550000)
 compacting perm gen  total 12288K, used 2502K [0x34550000, 0x35150000, 0x38550000)
   the space 12288K,  20% used [0x34550000, 0x347c1a98, 0x347c1c00, 0x35150000)
    ro space 10240K,  45% used [0x38550000, 0x389d9b28, 0x389d9c00, 0x38f50000)
    rw space 12288K,  54% used [0x38f50000, 0x395dd0e8, 0x395dd200, 0x39b50000)
Event: 1.317 GC heap after
Heap after GC invocations=3 (full 0):
 def new generation   total 4928K, used 347K [0x24550000, 0x24aa0000, 0x29aa0000)
  eden space 4416K,   0% used [0x24550000, 0x24550000, 0x249a0000)
  from space 512K,  67% used [0x24a20000, 0x24a76c50, 0x24aa0000)
  to   space 512K,   0% used [0x249a0000, 0x249a0000, 0x24a20000)
 tenured generation   total 10944K, used 2151K [0x29aa0000, 0x2a550000, 0x34550000)
   the space 10944K,  19% used [0x29aa0000, 0x29cb9cf0, 0x29cb9e00, 0x2a550000)
 compacting perm gen  total 12288K, used 2502K [0x34550000, 0x35150000, 0x38550000)
   the space 12288K,  20% used [0x34550000, 0x347c1a98, 0x347c1c00, 0x35150000)
    ro space 10240K,  45% used [0x38550000, 0x389d9b28, 0x389d9c00, 0x38f50000)
    rw space 12288K,  54% used [0x38f50000, 0x395dd0e8, 0x395dd200, 0x39b50000)
}
Event: 3.734 GC heap before
{Heap before GC invocations=3 (full 0):
 def new generation   total 4928K, used 4246K [0x24550000, 0x24aa0000, 0x29aa0000)
  eden space 4416K,  88% used [0x24550000, 0x2491ed88, 0x249a0000)
  from space 512K,  67% used [0x24a20000, 0x24a76c50, 0x24aa0000)
  to   space 512K,   0% used [0x249a0000, 0x249a0000, 0x24a20000)
 tenured generation   total 10944K, used 3151K [0x29aa0000, 0x2a550000, 0x34550000)
   the space 10944K,  28% used [0x29aa0000, 0x29db3d00, 0x29db3e00, 0x2a550000)
 compacting perm gen  total 12288K, used 2685K [0x34550000, 0x35150000, 0x38550000)
   the space 12288K,  21% used [0x34550000, 0x347ef768, 0x347ef800, 0x35150000)
    ro space 10240K,  45% used [0x38550000, 0x389d9b28, 0x389d9c00, 0x38f50000)
    rw space 12288K,  54% used [0x38f50000, 0x395dd0e8, 0x395dd200, 0x39b50000)
Event: 3.737 GC heap after
Heap after GC invocations=4 (full 0):
 def new generation   total 4928K, used 221K [0x24550000, 0x24aa0000, 0x29aa0000)
  eden space 4416K,   0% used [0x24550000, 0x24550000, 0x249a0000)
  from space 512K,  43% used [0x249a0000, 0x249d7650, 0x24a20000)
  to   space 512K,   0% used [0x24a20000, 0x24a20000, 0x24aa0000)
 tenured generation   total 10944K, used 4987K [0x29aa0000, 0x2a550000, 0x34550000)
   the space 10944K,  45% used [0x29aa0000, 0x29f7ec58, 0x29f7ee00, 0x2a550000)
 compacting perm gen  total 12288K, used 2685K [0x34550000, 0x35150000, 0x38550000)
   the space 12288K,  21% used [0x34550000, 0x347ef768, 0x347ef800, 0x35150000)
    ro space 10240K,  45% used [0x38550000, 0x389d9b28, 0x389d9c00, 0x38f50000)
    rw space 12288K,  54% used [0x38f50000, 0x395dd0e8, 0x395dd200, 0x39b50000)
}

Deoptimization events (0 events):
No events

Internal exceptions (10 events):
Event: 1.400 Thread 0x003ec400 Threw 0x246a7770 at C:\jdk7u2_32P\jdk7u25\hotspot\src\share\vm\prims\jvm.cpp:1235
Event: 1.401 Thread 0x003ec400 Threw 0x246ad2d8 at C:\jdk7u2_32P\jdk7u25\hotspot\src\share\vm\prims\jvm.cpp:1235
Event: 3.307 Thread 0x003ec400 Threw 0x246ee8c0 at C:\jdk7u2_32P\jdk7u25\hotspot\src\share\vm\prims\jvm.cpp:1235
Event: 3.313 Thread 0x003ec400 Threw 0x246fc840 at C:\jdk7u2_32P\jdk7u25\hotspot\src\share\vm\prims\jvm.cpp:1235
Event: 3.313 Thread 0x003ec400 Threw 0x24711bc8 at C:\jdk7u2_32P\jdk7u25\hotspot\src\share\vm\prims\jvm.cpp:1235
Event: 3.316 Thread 0x003ec400 Threw 0x2472a548 at C:\jdk7u2_32P\jdk7u25\hotspot\src\share\vm\prims\jvm.cpp:1235
Event: 3.317 Thread 0x003ec400 Threw 0x2472eff8 at C:\jdk7u2_32P\jdk7u25\hotspot\src\share\vm\prims\jvm.cpp:1235
Event: 3.320 Thread 0x003ec400 Threw 0x24736e28 at C:\jdk7u2_32P\jdk7u25\hotspot\src\share\vm\prims\jvm.cpp:1235
Event: 3.321 Thread 0x003ec400 Threw 0x2473b090 at C:\jdk7u2_32P\jdk7u25\hotspot\src\share\vm\prims\jvm.cpp:1235
Event: 3.729 Thread 0x003ec400 Threw 0x247614f0 at C:\jdk7u2_32P\jdk7u25\hotspot\src\share\vm\prims\jvm.cpp:1235

Events (10 events):
Event: 3.734 Executing VM operation: GenCollectFull
Event: 3.737 Executing VM operation: GenCollectFull done
Event: 4.046 Executing VM operation: EnableBiasedLocking
Event: 4.046 Executing VM operation: EnableBiasedLocking done
Event: 4.958 Executing VM operation: RevokeBias
Event: 4.958 Executing VM operation: RevokeBias done
Event: 4.959 Executing VM operation: RevokeBias
Event: 4.959 Executing VM operation: RevokeBias done
Event: 4.959 Executing VM operation: RevokeBias
Event: 4.959 Executing VM operation: RevokeBias done


Dynamic libraries:
0x00060000 - 0x0008f000 	C:\Program Files\Java\jdk1.7.0_25\bin\java.exe
0x77270000 - 0x773f0000 	C:\Windows\SysWOW64\ntdll.dll
0x761f0000 - 0x76300000 	C:\Windows\syswow64\kernel32.dll
0x75b30000 - 0x75b77000 	C:\Windows\syswow64\KERNELBASE.dll
0x75c00000 - 0x75ca0000 	C:\Windows\syswow64\ADVAPI32.dll
0x76b90000 - 0x76c3c000 	C:\Windows\syswow64\msvcrt.dll
0x75f20000 - 0x75f39000 	C:\Windows\SysWOW64\sechost.dll
0x76520000 - 0x76610000 	C:\Windows\syswow64\RPCRT4.dll
0x74c00000 - 0x74c60000 	C:\Windows\syswow64\SspiCli.dll
0x74bf0000 - 0x74bfc000 	C:\Windows\syswow64\CRYPTBASE.dll
0x758d0000 - 0x759d0000 	C:\Windows\syswow64\USER32.dll
0x76490000 - 0x76520000 	C:\Windows\syswow64\GDI32.dll
0x76300000 - 0x7630a000 	C:\Windows\syswow64\LPK.dll
0x75e80000 - 0x75f1d000 	C:\Windows\syswow64\USP10.dll
0x70d00000 - 0x70e9e000 	C:\Windows\WinSxS\x86_microsoft.windows.common-controls_6595b64144ccf1df_6.0.7601.17514_none_41e6975e2bd6f2b2\COMCTL32.dll
0x76330000 - 0x76387000 	C:\Windows\syswow64\SHLWAPI.dll
0x76430000 - 0x76490000 	C:\Windows\system32\IMM32.DLL
0x767d0000 - 0x7689c000 	C:\Windows\syswow64\MSCTF.dll
0x698e0000 - 0x6999e000 	C:\Program Files\Java\jdk1.7.0_25\jre\bin\msvcr100.dll
0x69300000 - 0x69642000 	C:\Program Files\Java\jdk1.7.0_25\jre\bin\client\jvm.dll
0x709b0000 - 0x709b7000 	C:\Windows\system32\WSOCK32.dll
0x761b0000 - 0x761e5000 	C:\Windows\syswow64\WS2_32.dll
0x77240000 - 0x77246000 	C:\Windows\syswow64\NSI.dll
0x72c80000 - 0x72cb2000 	C:\Windows\system32\WINMM.dll
0x76a60000 - 0x76a65000 	C:\Windows\syswow64\PSAPI.DLL
0x71020000 - 0x7102c000 	C:\Program Files\Java\jdk1.7.0_25\jre\bin\verify.dll
0x69a20000 - 0x69a40000 	C:\Program Files\Java\jdk1.7.0_25\jre\bin\java.dll
0x6b440000 - 0x6b453000 	C:\Program Files\Java\jdk1.7.0_25\jre\bin\zip.dll
0x698c0000 - 0x698d4000 	C:\Program Files\Java\jdk1.7.0_25\jre\bin\net.dll
0x70930000 - 0x7096c000 	C:\Windows\system32\mswsock.dll
0x70920000 - 0x70926000 	C:\Windows\System32\wship6.dll
0x74460000 - 0x7446f000 	C:\Program Files\Java\jdk1.7.0_25\jre\bin\nio.dll
0x69770000 - 0x698b4000 	C:\Program Files\Java\jdk1.7.0_25\jre\bin\awt.dll
0x76af0000 - 0x76b7f000 	C:\Windows\syswow64\OLEAUT32.dll
0x768a0000 - 0x769fc000 	C:\Windows\syswow64\ole32.dll
0x72910000 - 0x72923000 	C:\Windows\system32\DWMAPI.DLL
0x72930000 - 0x729b0000 	C:\Windows\system32\uxtheme.dll
0x74c60000 - 0x758aa000 	C:\Windows\syswow64\SHELL32.dll
0x69730000 - 0x69761000 	C:\Program Files\Java\jdk1.7.0_25\jre\bin\fontmanager.dll
0x69700000 - 0x69730000 	C:\Program Files\Java\jdk1.7.0_25\jre\bin\t2k.dll
0x77940000 - 0x779fe000 	C:\Users\Skrzypek\AppData\Local\Temp\javacpp87159850526936\msvcr100.dll
0x5e040000 - 0x5e0a9000 	C:\Users\Skrzypek\AppData\Local\Temp\javacpp87159850526936\msvcp100.dll
0x77510000 - 0x77716000 	C:\Users\Skrzypek\AppData\Local\Temp\javacpp87159850526936\opencv_core249.dll
0x0fbb0000 - 0x0fcf8000 	C:\Users\Skrzypek\AppData\Local\Temp\javacpp87159850526936\jniopencv_core.dll
0x0f340000 - 0x0f5ad000 	C:\Users\Skrzypek\AppData\Local\Temp\javacpp87159850526936\opencv_imgproc249.dll
0x5bb00000 - 0x5bb80000 	C:\Users\Skrzypek\AppData\Local\Temp\javacpp87159850526936\jniopencv_imgproc.dll
0x06980000 - 0x078b6000 	C:\Users\Skrzypek\AppData\Local\Temp\javacpp87159850526936\opencv_ffmpeg249.dll
0x0fec0000 - 0x100c7000 	C:\Users\Skrzypek\AppData\Local\Temp\javacpp87159850526936\opencv_highgui249.dll
0x66600000 - 0x66619000 	C:\Windows\system32\AVIFIL32.dll
0x6c120000 - 0x6c134000 	C:\Windows\system32\MSACM32.dll
0x71110000 - 0x71131000 	C:\Windows\system32\MSVFW32.dll
0x710f0000 - 0x71103000 	C:\Windows\system32\AVICAP32.dll
0x747d0000 - 0x747d9000 	C:\Windows\system32\VERSION.dll
0x5b490000 - 0x5b4cc000 	C:\Users\Skrzypek\AppData\Local\Temp\javacpp87159850526936\jniopencv_highgui.dll
0x77460000 - 0x77504000 	C:\Users\Skrzypek\AppData\Local\Temp\javacpp87159850526936\opencv_objdetect249.dll
0x5b430000 - 0x5b485000 	C:\Users\Skrzypek\AppData\Local\Temp\javacpp87159850526936\jniopencv_objdetect.dll
0x76de0000 - 0x76e63000 	C:\Windows\syswow64\CLBCatQ.DLL
0x6c440000 - 0x6c454000 	C:\Windows\SysWOW64\devenum.dll
0x76620000 - 0x767bd000 	C:\Windows\syswow64\setupapi.dll
0x759d0000 - 0x759f7000 	C:\Windows\syswow64\CFGMGR32.dll
0x76310000 - 0x76322000 	C:\Windows\syswow64\DEVOBJ.dll
0x71260000 - 0x71281000 	C:\Windows\system32\ntmarta.dll
0x76c40000 - 0x76c85000 	C:\Windows\syswow64\WLDAP32.dll
0x75bc0000 - 0x75bef000 	C:\Windows\syswow64\WINTRUST.dll
0x75a00000 - 0x75b21000 	C:\Windows\syswow64\CRYPT32.dll
0x75f40000 - 0x75f4c000 	C:\Windows\syswow64\MSASN1.dll
0x70b30000 - 0x70b3b000 	C:\Windows\system32\msdmo.dll
0x77900000 - 0x77932000 	C:\Windows\SysWOW64\qcap.dll
0x70b80000 - 0x70cf7000 	C:\Windows\SysWOW64\quartz.dll
0x778c0000 - 0x778f3000 	C:\Windows\SysWOW64\ksproxy.ax
0x6c250000 - 0x6c254000 	C:\Windows\SysWOW64\ksuser.dll
0x70230000 - 0x703f3000 	C:\Windows\SysWOW64\d3d9.dll
0x70b40000 - 0x70b46000 	C:\Windows\SysWOW64\d3d8thk.dll
0x67880000 - 0x67889000 	C:\Windows\SysWOW64\vidcap.ax
0x61a50000 - 0x61a6d000 	C:\Windows\SysWOW64\kswdmcap.ax
0x71360000 - 0x7147c000 	C:\Windows\SysWOW64\MFC42.dll
0x6f370000 - 0x6f3fc000 	C:\Windows\SysWOW64\ODBC32.dll
0x77420000 - 0x77458000 	C:\Windows\SysWOW64\odbcint.dll
0x144a0000 - 0x14520000 	C:\Windows\SysWOW64\qedit.dll
0x76a70000 - 0x76aeb000 	C:\Windows\syswow64\COMDLG32.dll
0x729c0000 - 0x72b50000 	C:\Windows\WinSxS\x86_microsoft.windows.gdiplus_6595b64144ccf1df_1.1.7601.18455_none_72d576ad8665e853\gdiplus.dll
0x6d840000 - 0x6d927000 	C:\Windows\system32\DDRAW.dll
0x74230000 - 0x74236000 	C:\Windows\system32\DCIMAN32.dll
0x0a6b0000 - 0x0a77c000 	C:\Windows\system32\D3DIM700.DLL
0x09250000 - 0x0964a000 	C:\Windows\SysWow64\ffdshow.ax
0x619f0000 - 0x61a15000 	C:\Windows\SysWow64\DINPUT.dll
0x097f0000 - 0x0994a000 	C:\Windows\SysWow64\VSFilter.dll
0x72c20000 - 0x72c71000 	C:\Windows\SysWow64\WINSPOOL.DRV
0x75ca0000 - 0x75e76000 	C:\Windows\syswow64\WININET.dll
0x75bf0000 - 0x75bf4000 	C:\Windows\syswow64\api-ms-win-downlevel-user32-l1-1-0.dll
0x75f50000 - 0x75f54000 	C:\Windows\syswow64\api-ms-win-downlevel-shlwapi-l1-1-0.dll
0x761a0000 - 0x761a4000 	C:\Windows\syswow64\api-ms-win-downlevel-version-l1-1-0.dll
0x76b80000 - 0x76b83000 	C:\Windows\syswow64\api-ms-win-downlevel-normaliz-l1-1-0.dll
0x76420000 - 0x76423000 	C:\Windows\syswow64\normaliz.DLL
0x75f60000 - 0x76192000 	C:\Windows\syswow64\iertutil.dll
0x76610000 - 0x76615000 	C:\Windows\syswow64\api-ms-win-downlevel-advapi32-l1-1-0.dll
0x758b0000 - 0x758c7000 	C:\Windows\syswow64\USERENV.dll
0x767c0000 - 0x767cb000 	C:\Windows\syswow64\profapi.dll
0x66730000 - 0x66739000 	C:\Windows\system32\msyuv.dll
0x71170000 - 0x7125b000 	C:\Windows\system32\dbghelp.dll

VM Arguments:
jvm_args: -Dfile.encoding=UTF-8 
java_command: Webcam
Launcher Type: SUN_STANDARD

Environment Variables:
JAVA_HOME=C:\Program Files\Java\jdk1.7.0_25
JRE_HOME=C:\Program Files\Java\jre7
CLASSPATH=C:\Program Files\Java\jdk1.7.0_25\bin
PATH=C:\Program Files (x86)\NVIDIA Corporation\PhysX\Common;D:\app\Skrzypek\product\11.2.0\dbhome_2\bin;D:\app\Skrzypek\product\11.2.0\dbhome_1\bin;C:\Program Files (x86)\ImageMagick-6.8.7-Q16;C:\Program Files (x86)\AMD APP\bin\x86_64;C:\Program Files (x86)\AMD APP\bin\x86;C:\Windows\system32;C:\Windows;C:\Windows\System32\Wbem;C:\Windows\System32\WindowsPowerShell\v1.0\;D:\MySQL\MySQL Utilities 1.3.4\;D:\Heroku\bin;C:\Program Files (x86)\git\cmd;D:\jetpack;C:\railsinstaller\DevKit200\bin;C:\RailsInstaller\Git\cmd;C:\RailsInstaller\Ruby200\bin;C:\Program Files\Java\jdk1.7.0_25\bin;D:\jarToExe\;D:\git\bin;H:\MATLAB\runtime\win64;H:\MATLAB\bin;D:\Calibre\;C:\Program Files\Apache Software Foundation\apache-maven-3.2.3\bin;C:\Program Files (x86)\Heroku\bin;D:\opencv\opencv\build\x86\vc10\bin;C:\RailsInstaller\Ruby200\bin;C:\RailsInstaller\Git\cmd;C:\Program Files\Java\jdk1.7.0_25\bin;D:\jarToExe\;C:\Program Files\Apache Software Foundation\apache-maven-3.2.3\bin
USERNAME=Skrzypek
OS=Windows_NT
PROCESSOR_IDENTIFIER=Intel64 Family 6 Model 42 Stepping 7, GenuineIntel



---------------  S Y S T E M  ---------------

OS: Windows 7 , 64 bit Build 7601 Service Pack 1

CPU:total 4 (2 cores per cpu, 2 threads per core) family 6 model 42 stepping 7, cmov, cx8, fxsr, mmx, sse, sse2, sse3, ssse3, sse4.1, sse4.2, popcnt, avx, ht, tsc, tscinvbit

Memory: 4k page, physical 8321400k(2169084k free), swap 16640936k(9549984k free)

vm_info: Java HotSpot(TM) Client VM (23.25-b01) for windows-x86 JRE (1.7.0_25-b17), built on Jun 21 2013 13:06:48 by "java_re" with unknown MS VC++:1600

time: Sat Nov 29 16:33:03 2014
elapsed time: 5 seconds

