#
# A fatal error has been detected by the Java Runtime Environment:
#
#  EXCEPTION_UNCAUGHT_CXX_EXCEPTION (0xe06d7363) at pc=0x773bc42d, pid=9740, tid=9244
#
# JRE version: 7.0_25-b17
# Java VM: Java HotSpot(TM) Client VM (23.25-b01 mixed mode, sharing windows-x86 )
# Problematic frame:
# C  [KERNELBASE.dll+0xc42d]  RaiseException+0x58
#
# Failed to write core dump. Minidumps are not enabled by default on client versions of Windows
#
# If you would like to submit a bug report, please visit:
#   http://bugreport.sun.com/bugreport/crash.jsp
# The crash happened outside the Java Virtual Machine in native code.
# See problematic frame for where to report the bug.
#

---------------  T H R E A D  ---------------

Current thread (0x00bec400):  JavaThread "main" [_thread_in_native, id=9244, stack(0x00ca0000,0x00cf0000)]

siginfo: ExceptionCode=0xe06d7363, ExceptionInformation=0x19930520 0x00cdf880 0x615da358 

Registers:
EAX=0x00cdf7dc, EBX=0x00000779, ECX=0x00000003, EDX=0x00000000
ESP=0x00cdf7dc, EBP=0x00cdf82c, ESI=0x00cef924, EDI=0x64bc1ec6
EIP=0x773bc42d, EFLAGS=0x00000202

Top of Stack: (sp=0x00cdf7dc)
0x00cdf7dc:   e06d7363 00000001 00000000 773bc42d
0x00cdf7ec:   00000003 19930520 00cdf880 615da358
0x00cdf7fc:   00000000 00deccb0 00cdf8e4 00cdf7f0
0x00cdf80c:   00cdf8e4 0000002f 00cdf834 614040de
0x00cdf81c:   00deccb0 00decc78 0000002f 00cef924
0x00cdf82c:   00cdf864 64bd7819 e06d7363 00000001
0x00cdf83c:   00000003 00cdf858 e06d7363 00000001
0x00cdf84c:   00000000 00000000 00000003 19930520 

Instructions: (pc=0x773bc42d)
0x773bc40d:   02 50 ff 75 14 8d 45 c4 50 e8 57 ad 02 00 83 c4
0x773bc41d:   0c eb 03 89 45 c0 8d 45 b0 50 ff 15 5c 11 3b 77
0x773bc42d:   c9 c2 10 00 cc cc cc cc cc 8b ff 55 8b ec 56 8b
0x773bc43d:   75 08 83 fe f4 72 18 83 fe f6 77 13 8d 45 08 50 


Register to memory mapping:

EAX=0x00cdf7dc is pointing into the stack for thread: 0x00bec400
EBX=0x00000779 is an unknown value
ECX=0x00000003 is an unknown value
EDX=0x00000000 is an unknown value
ESP=0x00cdf7dc is pointing into the stack for thread: 0x00bec400
EBP=0x00cdf82c is pointing into the stack for thread: 0x00bec400
ESI=0x00cef924 is pointing into the stack for thread: 0x00bec400
EDI=0x64bc1ec6 is an unknown value


Stack: [0x00ca0000,0x00cf0000],  sp=0x00cdf7dc,  free space=253k
Native frames: (J=compiled Java code, j=interpreted, Vv=VM code, C=native code)
C  [KERNELBASE.dll+0xc42d]  RaiseException+0x58
C  [msvcr100.dll+0x27819]  CxxThrowException+0x45

Java frames: (J=compiled Java code, j=interpreted, Vv=VM code)
j  org.bytedeco.javacpp.opencv_core.cvInitFont(Lorg/bytedeco/javacpp/opencv_core$CvFont;IDD)V+0
j  Webcam.drawMenu(Lorg/bytedeco/javacpp/opencv_core$IplImage;)V+27
j  Webcam.startMenu()V+93
j  Webcam.main([Ljava/lang/String;)V+0
v  ~StubRoutines::call_stub

---------------  P R O C E S S  ---------------

Java Threads: ( => current thread )
  0x04a17c00 JavaThread "AWT-EventQueue-0" [_thread_blocked, id=7568, stack(0x092c0000,0x09310000)]
  0x049f6c00 JavaThread "AWT-Windows" daemon [_thread_in_native, id=1232, stack(0x09210000,0x09260000)]
  0x049f6800 JavaThread "AWT-Shutdown" [_thread_blocked, id=8652, stack(0x090c0000,0x09110000)]
  0x049f6000 JavaThread "Java2D Disposer" daemon [_thread_blocked, id=9164, stack(0x08fc0000,0x09010000)]
  0x00dc5400 JavaThread "Service Thread" daemon [_thread_blocked, id=4868, stack(0x04940000,0x04990000)]
  0x00dc0400 JavaThread "C1 CompilerThread0" daemon [_thread_blocked, id=7316, stack(0x04700000,0x04750000)]
  0x00dbf000 JavaThread "Attach Listener" daemon [_thread_blocked, id=6912, stack(0x043b0000,0x04400000)]
  0x00dbc000 JavaThread "Signal Dispatcher" daemon [_thread_blocked, id=5124, stack(0x047d0000,0x04820000)]
  0x00da8c00 JavaThread "Finalizer" daemon [_thread_blocked, id=608, stack(0x04400000,0x04450000)]
  0x00da3c00 JavaThread "Reference Handler" daemon [_thread_blocked, id=10628, stack(0x04350000,0x043a0000)]
=>0x00bec400 JavaThread "main" [_thread_in_native, id=9244, stack(0x00ca0000,0x00cf0000)]

Other Threads:
  0x00da2400 VMThread [stack: 0x04470000,0x044c0000] [id=3216]
  0x00dddc00 WatcherThread [stack: 0x045c0000,0x04610000] [id=4776]

VM state:not at safepoint (normal execution)

VM Mutex/Monitor currently owned by a thread: None

Heap
 def new generation   total 4928K, used 4168K [0x24550000, 0x24aa0000, 0x29aa0000)
  eden space 4416K,  82% used [0x24550000, 0x248e2298, 0x249a0000)
  from space 512K,  99% used [0x249a0000, 0x24a1fed0, 0x24a20000)
  to   space 512K,   0% used [0x24a20000, 0x24a20000, 0x24aa0000)
 tenured generation   total 10944K, used 857K [0x29aa0000, 0x2a550000, 0x34550000)
   the space 10944K,   7% used [0x29aa0000, 0x29b76790, 0x29b76800, 0x2a550000)
 compacting perm gen  total 12288K, used 2277K [0x34550000, 0x35150000, 0x38550000)
   the space 12288K,  18% used [0x34550000, 0x34789740, 0x34789800, 0x35150000)
    ro space 10240K,  45% used [0x38550000, 0x389d9b28, 0x389d9c00, 0x38f50000)
    rw space 12288K,  54% used [0x38f50000, 0x395dd0e8, 0x395dd200, 0x39b50000)

Card table byte_map: [0x00df0000,0x00ea0000] byte_map_base: 0x00ccd580

Polling page: 0x00270000

Code Cache  [0x02330000, 0x02418000, 0x04330000)
 total_blobs=449 nmethods=206 adapters=178 free_code_cache=31858Kb largest_free_block=32623168

Compilation events (10 events):
Event: 6.229 Thread 0x00dc0400  202             java.lang.ref.Reference::<init> (25 bytes)
Event: 6.230 Thread 0x00dc0400 nmethod 202 0x02412608 code [0x02412700, 0x024127b0]
Event: 6.244 Thread 0x00dc0400  203  s          sun.java2d.loops.GraphicsPrimitive::makeUniqueID (26 bytes)
Event: 6.244 Thread 0x00dc0400 nmethod 203 0x02412948 code [0x02412a40, 0x02412c20]
Event: 6.244 Thread 0x00dc0400  204             sun.java2d.loops.CompositeType::getUniqueID (5 bytes)
Event: 6.244 Thread 0x00dc0400 nmethod 204 0x02412d08 code [0x02412e00, 0x02412e80]
Event: 6.252 Thread 0x00dc0400  205             java.util.Arrays::asList (9 bytes)
Event: 6.252 Thread 0x00dc0400 nmethod 205 0x02413048 code [0x02413150, 0x0241327c]
Event: 6.252 Thread 0x00dc0400  206             java.util.Arrays$ArrayList::<init> (22 bytes)
Event: 6.253 Thread 0x00dc0400 nmethod 206 0x02413348 code [0x02413450, 0x0241354c]

GC Heap History (4 events):
Event: 0.654 GC heap before
{Heap before GC invocations=0 (full 0):
 def new generation   total 4928K, used 4416K [0x24550000, 0x24aa0000, 0x29aa0000)
  eden space 4416K, 100% used [0x24550000, 0x249a0000, 0x249a0000)
  from space 512K,   0% used [0x249a0000, 0x249a0000, 0x24a20000)
  to   space 512K,   0% used [0x24a20000, 0x24a20000, 0x24aa0000)
 tenured generation   total 10944K, used 0K [0x29aa0000, 0x2a550000, 0x34550000)
   the space 10944K,   0% used [0x29aa0000, 0x29aa0000, 0x29aa0200, 0x2a550000)
 compacting perm gen  total 12288K, used 954K [0x34550000, 0x35150000, 0x38550000)
   the space 12288K,   7% used [0x34550000, 0x3463e9d8, 0x3463ea00, 0x35150000)
    ro space 10240K,  45% used [0x38550000, 0x389d9b28, 0x389d9c00, 0x38f50000)
    rw space 12288K,  54% used [0x38f50000, 0x395dd0e8, 0x395dd200, 0x39b50000)
Event: 0.657 GC heap after
Heap after GC invocations=1 (full 0):
 def new generation   total 4928K, used 512K [0x24550000, 0x24aa0000, 0x29aa0000)
  eden space 4416K,   0% used [0x24550000, 0x24550000, 0x249a0000)
  from space 512K, 100% used [0x24a20000, 0x24aa0000, 0x24aa0000)
  to   space 512K,   0% used [0x249a0000, 0x249a0000, 0x24a20000)
 tenured generation   total 10944K, used 403K [0x29aa0000, 0x2a550000, 0x34550000)
   the space 10944K,   3% used [0x29aa0000, 0x29b04e58, 0x29b05000, 0x2a550000)
 compacting perm gen  total 12288K, used 954K [0x34550000, 0x35150000, 0x38550000)
   the space 12288K,   7% used [0x34550000, 0x3463e9d8, 0x3463ea00, 0x35150000)
    ro space 10240K,  45% used [0x38550000, 0x389d9b28, 0x389d9c00, 0x38f50000)
    rw space 12288K,  54% used [0x38f50000, 0x395dd0e8, 0x395dd200, 0x39b50000)
}
Event: 1.013 GC heap before
{Heap before GC invocations=1 (full 0):
 def new generation   total 4928K, used 4928K [0x24550000, 0x24aa0000, 0x29aa0000)
  eden space 4416K, 100% used [0x24550000, 0x249a0000, 0x249a0000)
  from space 512K, 100% used [0x24a20000, 0x24aa0000, 0x24aa0000)
  to   space 512K,   0% used [0x249a0000, 0x249a0000, 0x24a20000)
 tenured generation   total 10944K, used 403K [0x29aa0000, 0x2a550000, 0x34550000)
   the space 10944K,   3% used [0x29aa0000, 0x29b04e58, 0x29b05000, 0x2a550000)
 compacting perm gen  total 12288K, used 1620K [0x34550000, 0x35150000, 0x38550000)
   the space 12288K,  13% used [0x34550000, 0x346e5000, 0x346e5000, 0x35150000)
    ro space 10240K,  45% used [0x38550000, 0x389d9b28, 0x389d9c00, 0x38f50000)
    rw space 12288K,  54% used [0x38f50000, 0x395dd0e8, 0x395dd200, 0x39b50000)
Event: 1.015 GC heap after
Heap after GC invocations=2 (full 0):
 def new generation   total 4928K, used 511K [0x24550000, 0x24aa0000, 0x29aa0000)
  eden space 4416K,   0% used [0x24550000, 0x24550000, 0x249a0000)
  from space 512K,  99% used [0x249a0000, 0x24a1fed0, 0x24a20000)
  to   space 512K,   0% used [0x24a20000, 0x24a20000, 0x24aa0000)
 tenured generation   total 10944K, used 857K [0x29aa0000, 0x2a550000, 0x34550000)
   the space 10944K,   7% used [0x29aa0000, 0x29b76790, 0x29b76800, 0x2a550000)
 compacting perm gen  total 12288K, used 1620K [0x34550000, 0x35150000, 0x38550000)
   the space 12288K,  13% used [0x34550000, 0x346e5000, 0x346e5000, 0x35150000)
    ro space 10240K,  45% used [0x38550000, 0x389d9b28, 0x389d9c00, 0x38f50000)
    rw space 12288K,  54% used [0x38f50000, 0x395dd0e8, 0x395dd200, 0x39b50000)
}

Deoptimization events (0 events):
No events

Internal exceptions (10 events):
Event: 3.695 Thread 0x00bec400 Threw 0x247a2bc0 at C:\jdk7u2_32P\jdk7u25\hotspot\src\share\vm\prims\jvm.cpp:1235
Event: 3.701 Thread 0x00bec400 Threw 0x247c5e08 at C:\jdk7u2_32P\jdk7u25\hotspot\src\share\vm\prims\jvm.cpp:1235
Event: 6.140 Thread 0x00bec400 Threw 0x247e9668 at C:\jdk7u2_32P\jdk7u25\hotspot\src\share\vm\prims\jvm.cpp:1235
Event: 6.146 Thread 0x00bec400 Threw 0x247f3678 at C:\jdk7u2_32P\jdk7u25\hotspot\src\share\vm\prims\jvm.cpp:1235
Event: 6.152 Thread 0x00bec400 Threw 0x2480c3a0 at C:\jdk7u2_32P\jdk7u25\hotspot\src\share\vm\prims\jvm.cpp:1235
Event: 6.153 Thread 0x00bec400 Threw 0x24810720 at C:\jdk7u2_32P\jdk7u25\hotspot\src\share\vm\prims\jvm.cpp:1235
Event: 6.163 Thread 0x00bec400 Threw 0x24817a08 at C:\jdk7u2_32P\jdk7u25\hotspot\src\share\vm\prims\jni.cpp:716
Event: 6.177 Thread 0x00bec400 Threw 0x24828088 at C:\jdk7u2_32P\jdk7u25\hotspot\src\share\vm\prims\jni.cpp:716
Event: 6.202 Thread 0x00bec400 Threw 0x2486d910 at C:\jdk7u2_32P\jdk7u25\hotspot\src\share\vm\prims\jvm.cpp:1235
Event: 6.203 Thread 0x00bec400 Threw 0x24871e28 at C:\jdk7u2_32P\jdk7u25\hotspot\src\share\vm\prims\jvm.cpp:1235

Events (10 events):
Event: 6.251 loading class 0x39b90860
Event: 6.251 loading class 0x39b90860 done
Event: 6.252 loading class 0x00ddf4f8
Event: 6.252 loading class 0x00ddf4f8 done
Event: 6.252 loading class 0x00decbd0
Event: 6.252 loading class 0x00decbd0 done
Event: 6.252 loading class 0x39b90828
Event: 6.252 loading class 0x39b90828 done
Event: 6.252 loading class 0x00de84e8
Event: 6.252 loading class 0x00de84e8 done


Dynamic libraries:
0x00f00000 - 0x00f2f000 	C:\Program Files\Java\jdk1.7.0_25\bin\java.exe
0x77820000 - 0x779a0000 	C:\Windows\SysWOW64\ntdll.dll
0x77280000 - 0x77390000 	C:\Windows\syswow64\kernel32.dll
0x773b0000 - 0x773f7000 	C:\Windows\syswow64\KERNELBASE.dll
0x759b0000 - 0x75a50000 	C:\Windows\syswow64\ADVAPI32.dll
0x75ca0000 - 0x75d4c000 	C:\Windows\syswow64\msvcrt.dll
0x75700000 - 0x75719000 	C:\Windows\SysWOW64\sechost.dll
0x75e50000 - 0x75f40000 	C:\Windows\syswow64\RPCRT4.dll
0x751b0000 - 0x75210000 	C:\Windows\syswow64\SspiCli.dll
0x751a0000 - 0x751ac000 	C:\Windows\syswow64\CRYPTBASE.dll
0x75d50000 - 0x75e50000 	C:\Windows\syswow64\USER32.dll
0x75210000 - 0x752a0000 	C:\Windows\syswow64\GDI32.dll
0x75b20000 - 0x75b2a000 	C:\Windows\syswow64\LPK.dll
0x77150000 - 0x771ed000 	C:\Windows\syswow64\USP10.dll
0x747d0000 - 0x7496e000 	C:\Windows\WinSxS\x86_microsoft.windows.common-controls_6595b64144ccf1df_6.0.7601.17514_none_41e6975e2bd6f2b2\COMCTL32.dll
0x76090000 - 0x760e7000 	C:\Windows\syswow64\SHLWAPI.dll
0x75a80000 - 0x75ae0000 	C:\Windows\system32\IMM32.DLL
0x75750000 - 0x7581c000 	C:\Windows\syswow64\MSCTF.dll
0x64bb0000 - 0x64c6e000 	C:\Program Files\Java\jdk1.7.0_25\jre\bin\msvcr100.dll
0x5d1a0000 - 0x5d4e2000 	C:\Program Files\Java\jdk1.7.0_25\jre\bin\client\jvm.dll
0x74fc0000 - 0x74fc7000 	C:\Windows\system32\WSOCK32.dll
0x75ae0000 - 0x75b15000 	C:\Windows\syswow64\WS2_32.dll
0x762a0000 - 0x762a6000 	C:\Windows\syswow64\NSI.dll
0x73130000 - 0x73162000 	C:\Windows\system32\WINMM.dll
0x773a0000 - 0x773a5000 	C:\Windows\syswow64\PSAPI.DLL
0x71100000 - 0x7110c000 	C:\Program Files\Java\jdk1.7.0_25\jre\bin\verify.dll
0x6f0e0000 - 0x6f100000 	C:\Program Files\Java\jdk1.7.0_25\jre\bin\java.dll
0x69490000 - 0x694a3000 	C:\Program Files\Java\jdk1.7.0_25\jre\bin\zip.dll
0x63f00000 - 0x63fbe000 	C:\Users\Skrzypek\AppData\Local\Temp\javacpp76084657676130\msvcr100.dll
0x64e00000 - 0x64e69000 	C:\Users\Skrzypek\AppData\Local\Temp\javacpp76084657676130\msvcp100.dll
0x61400000 - 0x61606000 	C:\Users\Skrzypek\AppData\Local\Temp\javacpp76084657676130\opencv_core249.dll
0x60fa0000 - 0x610e8000 	C:\Users\Skrzypek\AppData\Local\Temp\javacpp76084657676130\jniopencv_core.dll
0x60d30000 - 0x60f9d000 	C:\Users\Skrzypek\AppData\Local\Temp\javacpp76084657676130\opencv_imgproc249.dll
0x61380000 - 0x61400000 	C:\Users\Skrzypek\AppData\Local\Temp\javacpp76084657676130\jniopencv_imgproc.dll
0x05150000 - 0x06086000 	C:\Users\Skrzypek\AppData\Local\Temp\javacpp76084657676130\opencv_ffmpeg249.dll
0x60b20000 - 0x60d27000 	C:\Users\Skrzypek\AppData\Local\Temp\javacpp76084657676130\opencv_highgui249.dll
0x75b30000 - 0x75c8c000 	C:\Windows\syswow64\ole32.dll
0x76150000 - 0x761df000 	C:\Windows\syswow64\OLEAUT32.dll
0x69300000 - 0x69319000 	C:\Windows\system32\AVIFIL32.dll
0x69fe0000 - 0x69ff4000 	C:\Windows\system32\MSACM32.dll
0x747a0000 - 0x747c1000 	C:\Windows\system32\MSVFW32.dll
0x764f0000 - 0x7713a000 	C:\Windows\syswow64\SHELL32.dll
0x74780000 - 0x74793000 	C:\Windows\system32\AVICAP32.dll
0x73170000 - 0x73179000 	C:\Windows\system32\VERSION.dll
0x675c0000 - 0x675fc000 	C:\Users\Skrzypek\AppData\Local\Temp\javacpp76084657676130\jniopencv_highgui.dll
0x72dd0000 - 0x72e50000 	C:\Windows\system32\uxtheme.dll
0x76210000 - 0x76293000 	C:\Windows\syswow64\CLBCatQ.DLL
0x6a070000 - 0x6a084000 	C:\Windows\SysWOW64\devenum.dll
0x75560000 - 0x756fd000 	C:\Windows\syswow64\setupapi.dll
0x75720000 - 0x75747000 	C:\Windows\syswow64\CFGMGR32.dll
0x761f0000 - 0x76202000 	C:\Windows\syswow64\DEVOBJ.dll
0x73e60000 - 0x73e81000 	C:\Windows\system32\ntmarta.dll
0x76100000 - 0x76145000 	C:\Windows\syswow64\WLDAP32.dll
0x75a50000 - 0x75a7f000 	C:\Windows\syswow64\WINTRUST.dll
0x75f50000 - 0x76071000 	C:\Windows\syswow64\CRYPT32.dll
0x760f0000 - 0x760fc000 	C:\Windows\syswow64\MSASN1.dll
0x6a060000 - 0x6a06b000 	C:\Windows\system32\msdmo.dll
0x64dc0000 - 0x64df2000 	C:\Windows\SysWOW64\qcap.dll
0x745f0000 - 0x74767000 	C:\Windows\SysWOW64\quartz.dll
0x72db0000 - 0x72dc3000 	C:\Windows\system32\dwmapi.dll
0x63d50000 - 0x63d83000 	C:\Windows\SysWOW64\ksproxy.ax
0x6a020000 - 0x6a024000 	C:\Windows\SysWOW64\ksuser.dll
0x743e0000 - 0x745a3000 	C:\Windows\SysWOW64\d3d9.dll
0x74770000 - 0x74776000 	C:\Windows\SysWOW64\d3d8thk.dll
0x6f110000 - 0x6f119000 	C:\Windows\SysWOW64\vidcap.ax
0x692e0000 - 0x692fd000 	C:\Windows\SysWOW64\kswdmcap.ax
0x5d600000 - 0x5d71c000 	C:\Windows\SysWOW64\MFC42.dll
0x5d7b0000 - 0x5d83c000 	C:\Windows\SysWOW64\ODBC32.dll
0x64c80000 - 0x64cb8000 	C:\Windows\SysWOW64\odbcint.dll
0x5e920000 - 0x5e9a0000 	C:\Windows\SysWOW64\qedit.dll
0x752a0000 - 0x7531b000 	C:\Windows\syswow64\COMDLG32.dll
0x72e60000 - 0x72ff0000 	C:\Windows\WinSxS\x86_microsoft.windows.gdiplus_6595b64144ccf1df_1.1.7601.18455_none_72d576ad8665e853\gdiplus.dll
0x6ad30000 - 0x6ae17000 	C:\Windows\system32\DDRAW.dll
0x6fd30000 - 0x6fd36000 	C:\Windows\system32\DCIMAN32.dll
0x5d530000 - 0x5d5fc000 	C:\Windows\system32\D3DIM700.DLL
0x5c9a0000 - 0x5cd9a000 	C:\Windows\SysWow64\ffdshow.ax
0x5e8f0000 - 0x5e915000 	C:\Windows\SysWow64\DINPUT.dll
0x5d040000 - 0x5d19a000 	C:\Windows\SysWow64\VSFilter.dll
0x730c0000 - 0x73111000 	C:\Windows\SysWow64\WINSPOOL.DRV
0x75320000 - 0x754f5000 	C:\Windows\syswow64\WININET.dll
0x76080000 - 0x76084000 	C:\Windows\syswow64\api-ms-win-downlevel-user32-l1-1-0.dll
0x777f0000 - 0x777f4000 	C:\Windows\syswow64\api-ms-win-downlevel-shlwapi-l1-1-0.dll
0x75c90000 - 0x75c94000 	C:\Windows\syswow64\api-ms-win-downlevel-version-l1-1-0.dll
0x75850000 - 0x75853000 	C:\Windows\syswow64\api-ms-win-downlevel-normaliz-l1-1-0.dll
0x761e0000 - 0x761e3000 	C:\Windows\syswow64\normaliz.DLL
0x762b0000 - 0x764e2000 	C:\Windows\syswow64\iertutil.dll
0x77390000 - 0x77395000 	C:\Windows\syswow64\api-ms-win-downlevel-advapi32-l1-1-0.dll
0x77400000 - 0x77417000 	C:\Windows\syswow64\USERENV.dll
0x77140000 - 0x7714b000 	C:\Windows\syswow64\profapi.dll
0x6f100000 - 0x6f109000 	C:\Windows\system32\msyuv.dll
0x63d90000 - 0x63ed4000 	C:\Program Files\Java\jdk1.7.0_25\jre\bin\awt.dll
0x65f00000 - 0x65f31000 	C:\Program Files\Java\jdk1.7.0_25\jre\bin\fontmanager.dll
0x703d0000 - 0x704bb000 	C:\Windows\system32\dbghelp.dll

VM Arguments:
jvm_args: -Dfile.encoding=UTF-8 
java_command: Webcam
Launcher Type: SUN_STANDARD

Environment Variables:
JAVA_HOME=C:\Program Files\Java\jdk1.7.0_25
JRE_HOME=C:\Program Files\Java\jre7
CLASSPATH=C:\Program Files\Java\jdk1.7.0_25\bin
PATH=C:\Program Files (x86)\NVIDIA Corporation\PhysX\Common;D:\app\Skrzypek\product\11.2.0\dbhome_2\bin;D:\app\Skrzypek\product\11.2.0\dbhome_1\bin;C:\Program Files (x86)\ImageMagick-6.8.7-Q16;C:\Program Files (x86)\AMD APP\bin\x86_64;C:\Program Files (x86)\AMD APP\bin\x86;C:\Windows\system32;C:\Windows;C:\Windows\System32\Wbem;C:\Windows\System32\WindowsPowerShell\v1.0\;D:\MySQL\MySQL Utilities 1.3.4\;D:\Heroku\bin;C:\Program Files (x86)\git\cmd;D:\jetpack;C:\railsinstaller\DevKit200\bin;C:\RailsInstaller\Git\cmd;C:\RailsInstaller\Ruby200\bin;C:\Program Files\Java\jdk1.7.0_25\bin;D:\jarToExe\;D:\git\bin;H:\MATLAB\runtime\win64;H:\MATLAB\bin;D:\Calibre\;C:\Program Files\Apache Software Foundation\apache-maven-3.2.3\bin;C:\Program Files (x86)\Heroku\bin;D:\opencv\opencv\build\x86\vc10\bin;C:\RailsInstaller\Ruby200\bin;C:\RailsInstaller\Git\cmd;C:\Program Files\Java\jdk1.7.0_25\bin;D:\jarToExe\;C:\Program Files\Apache Software Foundation\apache-maven-3.2.3\bin
USERNAME=Skrzypek
OS=Windows_NT
PROCESSOR_IDENTIFIER=Intel64 Family 6 Model 42 Stepping 7, GenuineIntel



---------------  S Y S T E M  ---------------

OS: Windows 7 , 64 bit Build 7601 Service Pack 1

CPU:total 4 (2 cores per cpu, 2 threads per core) family 6 model 42 stepping 7, cmov, cx8, fxsr, mmx, sse, sse2, sse3, ssse3, sse4.1, sse4.2, popcnt, avx, ht, tsc, tscinvbit

Memory: 4k page, physical 8321400k(3379320k free), swap 16640936k(10854324k free)

vm_info: Java HotSpot(TM) Client VM (23.25-b01) for windows-x86 JRE (1.7.0_25-b17), built on Jun 21 2013 13:06:48 by "java_re" with unknown MS VC++:1600

time: Tue Jan 06 13:10:18 2015
elapsed time: 6 seconds

