#
# A fatal error has been detected by the Java Runtime Environment:
#
#  EXCEPTION_ACCESS_VIOLATION (0xc0000005) at pc=0x772a8e19, pid=6684, tid=12040
#
# JRE version: 7.0_25-b17
# Java VM: Java HotSpot(TM) Client VM (23.25-b01 mixed mode, sharing windows-x86 )
# Problematic frame:
# C  [ntdll.dll+0x38e19]  RtlIntegerToUnicodeString+0x2fc
#
# Failed to write core dump. Minidumps are not enabled by default on client versions of Windows
#
# If you would like to submit a bug report, please visit:
#   http://bugreport.sun.com/bugreport/crash.jsp
# The crash happened outside the Java Virtual Machine in native code.
# See problematic frame for where to report the bug.
#

---------------  T H R E A D  ---------------

Current thread (0x003fc400):  JavaThread "main" [_thread_in_native, id=12040, stack(0x001e0000,0x00230000)]

siginfo: ExceptionCode=0xc0000005, writing address 0x00000014

Registers:
EAX=0x00000000, EBX=0xfffffffc, ECX=0x00000000, EDX=0x00000004
ESP=0x0022f998, EBP=0x0022f9e8, ESI=0x0626063c, EDI=0x06260640
EIP=0x772a8e19, EFLAGS=0x00010213

Top of Stack: (sp=0x0022f998)
0x0022f998:   0626063c 06260640 00000000 00000000
0x0022f9a8:   00000000 00000000 00000000 00000000
0x0022f9b8:   00000000 ff676980 ffffffff 00000000
0x0022f9c8:   0022f988 0022f9f8 0022fa7c 00000000
0x0022f9d8:   00000000 00000000 7efda000 000004bc
0x0022f9e8:   0022fa10 772a8d28 00000000 00000000
0x0022f9f8:   00000000 00000000 07950838 00000004
0x0022fa08:   00000000 00000001 0022fa28 0777372b 

Instructions: (pc=0x772a8e19)
0x772a8df9:   c2 8b d8 8b c1 f0 0f b1 1f 3b c1 0f 85 58 fe ff
0x772a8e09:   ff 33 c0 89 45 0c 89 45 08 8b 06 83 f8 ff 74 03
0x772a8e19:   ff 40 14 8b 5d f4 8b 7d f0 80 3d 82 03 fe 7f 00
0x772a8e29:   0f 85 da 99 04 00 8b 45 fc 57 6a 00 83 f8 ff 0f 


Register to memory mapping:

EAX=0x00000000 is an unknown value
EBX=0xfffffffc is an unknown value
ECX=0x00000000 is an unknown value
EDX=0x00000004 is an unknown value
ESP=0x0022f998 is pointing into the stack for thread: 0x003fc400
EBP=0x0022f9e8 is pointing into the stack for thread: 0x003fc400
ESI=0x0626063c is an unknown value
EDI=0x06260640 is an unknown value


Stack: [0x001e0000,0x00230000],  sp=0x0022f998,  free space=318k
Native frames: (J=compiled Java code, j=interpreted, Vv=VM code, C=native code)
C  [ntdll.dll+0x38e19]  RtlIntegerToUnicodeString+0x2fc
C  [ntdll.dll+0x38d28]  RtlIntegerToUnicodeString+0x20b
C  [opencv_highgui249.dll+0x1372b]  cvShowImage+0x21eb
C  [opencv_highgui249.dll+0x144c0]  cvShowImage+0x2f80
C  [jniopencv_highgui.dll+0x167cb]  Java_org_bytedeco_javacpp_opencv_1highgui_cvQueryFrame+0x5b
j  org.bytedeco.javacpp.opencv_highgui.cvQueryFrame(Lorg/bytedeco/javacpp/opencv_highgui$CvCapture;)Lorg/bytedeco/javacpp/opencv_core$IplImage;+0
j  Webcam.start()V+93
j  Webcam.main([Ljava/lang/String;)V+0
v  ~StubRoutines::call_stub
V  [jvm.dll+0x124afa]
V  [jvm.dll+0x1d224e]
V  [jvm.dll+0x124b7d]
V  [jvm.dll+0xab0cf]
V  [jvm.dll+0xb5397]
C  [java.exe+0x205f]
C  [java.exe+0xa5a1]
C  [java.exe+0xa62b]
C  [kernel32.dll+0x1338a]  BaseThreadInitThunk+0x12
C  [ntdll.dll+0x39f72]  RtlInitializeExceptionChain+0x63
C  [ntdll.dll+0x39f45]  RtlInitializeExceptionChain+0x36

Java frames: (J=compiled Java code, j=interpreted, Vv=VM code)
j  org.bytedeco.javacpp.opencv_highgui.cvQueryFrame(Lorg/bytedeco/javacpp/opencv_highgui$CvCapture;)Lorg/bytedeco/javacpp/opencv_core$IplImage;+0
j  Webcam.start()V+93
j  Webcam.main([Ljava/lang/String;)V+0
v  ~StubRoutines::call_stub

---------------  P R O C E S S  ---------------

Java Threads: ( => current thread )
  0x0068e800 JavaThread "AWT-EventQueue-0" [_thread_in_native, id=8820, stack(0x050c0000,0x05110000)]
  0x0068e000 JavaThread "AWT-Windows" daemon [_thread_in_native, id=10104, stack(0x05060000,0x050b0000)]
  0x0068dc00 JavaThread "AWT-Shutdown" [_thread_blocked, id=10804, stack(0x04f40000,0x04f90000)]
  0x0068d400 JavaThread "Java2D Disposer" daemon [_thread_blocked, id=7696, stack(0x04fa0000,0x04ff0000)]
  0x0068d000 JavaThread "Service Thread" daemon [_thread_blocked, id=9840, stack(0x04830000,0x04880000)]
  0x00697800 JavaThread "C1 CompilerThread0" daemon [_thread_blocked, id=8764, stack(0x049b0000,0x04a00000)]
  0x0068c800 JavaThread "Attach Listener" daemon [_thread_blocked, id=7008, stack(0x00f50000,0x00fa0000)]
  0x0068c000 JavaThread "Signal Dispatcher" daemon [_thread_blocked, id=9208, stack(0x04700000,0x04750000)]
  0x00678c00 JavaThread "Finalizer" daemon [_thread_blocked, id=7120, stack(0x04660000,0x046b0000)]
  0x00673c00 JavaThread "Reference Handler" daemon [_thread_blocked, id=10356, stack(0x04500000,0x04550000)]
=>0x003fc400 JavaThread "main" [_thread_in_native, id=12040, stack(0x001e0000,0x00230000)]

Other Threads:
  0x00672400 VMThread [stack: 0x01070000,0x010c0000] [id=7516]
  0x006b8c00 WatcherThread [stack: 0x00fa0000,0x00ff0000] [id=10596]

VM state:not at safepoint (normal execution)

VM Mutex/Monitor currently owned by a thread: None

Heap
 def new generation   total 4928K, used 675K [0x24550000, 0x24aa0000, 0x29aa0000)
  eden space 4416K,   9% used [0x24550000, 0x245b4098, 0x249a0000)
  from space 512K,  53% used [0x249a0000, 0x249e4c08, 0x24a20000)
  to   space 512K,   0% used [0x24a20000, 0x24a20000, 0x24aa0000)
 tenured generation   total 10944K, used 4985K [0x29aa0000, 0x2a550000, 0x34550000)
   the space 10944K,  45% used [0x29aa0000, 0x29f7e7d0, 0x29f7e800, 0x2a550000)
 compacting perm gen  total 12288K, used 2688K [0x34550000, 0x35150000, 0x38550000)
   the space 12288K,  21% used [0x34550000, 0x347f0010, 0x347f0200, 0x35150000)
    ro space 10240K,  45% used [0x38550000, 0x389d9b28, 0x389d9c00, 0x38f50000)
    rw space 12288K,  54% used [0x38f50000, 0x395dd0e8, 0x395dd200, 0x39b50000)

Card table byte_map: [0x00e70000,0x00f20000] byte_map_base: 0x00d4d580

Polling page: 0x00230000

Code Cache  [0x024f0000, 0x025f8000, 0x044f0000)
 total_blobs=548 nmethods=289 adapters=194 free_code_cache=31732Kb largest_free_block=32494400

Compilation events (10 events):
Event: 6.132 Thread 0x00697800  282             sun.reflect.ClassFileAssembler::emitByte (11 bytes)
Event: 6.132 Thread 0x00697800 nmethod 282 0x025f1008 code [0x025f1110, 0x025f11cc]
Event: 6.132 Thread 0x00697800  283             sun.reflect.ByteVectorImpl::add (38 bytes)
Event: 6.132 Thread 0x00697800 nmethod 283 0x025f1288 code [0x025f1390, 0x025f147c]
Event: 6.133 Thread 0x00697800  284             java.lang.Class::getName (21 bytes)
Event: 6.133 Thread 0x00697800 nmethod 284 0x025f1588 code [0x025f1680, 0x025f173c]
Event: 6.136 Thread 0x00697800  286             sun.font.FontDesignMetrics::stringWidth (154 bytes)
Event: 6.137 Thread 0x00697800 nmethod 286 0x025f1a88 code [0x025f1c60, 0x025f214c]
Event: 6.138 Thread 0x00697800  287             javax.swing.GroupLayout$Group::getSpring (14 bytes)
Event: 6.138 Thread 0x00697800 nmethod 287 0x025f2808 code [0x025f2910, 0x025f29cc]

GC Heap History (8 events):
Event: 0.259 GC heap before
{Heap before GC invocations=0 (full 0):
 def new generation   total 4928K, used 4374K [0x24550000, 0x24aa0000, 0x29aa0000)
  eden space 4416K,  99% used [0x24550000, 0x24995bb0, 0x249a0000)
  from space 512K,   0% used [0x249a0000, 0x249a0000, 0x24a20000)
  to   space 512K,   0% used [0x24a20000, 0x24a20000, 0x24aa0000)
 tenured generation   total 10944K, used 0K [0x29aa0000, 0x2a550000, 0x34550000)
   the space 10944K,   0% used [0x29aa0000, 0x29aa0000, 0x29aa0200, 0x2a550000)
 compacting perm gen  total 12288K, used 1190K [0x34550000, 0x35150000, 0x38550000)
   the space 12288K,   9% used [0x34550000, 0x34679950, 0x34679a00, 0x35150000)
    ro space 10240K,  45% used [0x38550000, 0x389d9b28, 0x389d9c00, 0x38f50000)
    rw space 12288K,  54% used [0x38f50000, 0x395dd0e8, 0x395dd200, 0x39b50000)
Event: 0.265 GC heap after
Heap after GC invocations=1 (full 0):
 def new generation   total 4928K, used 512K [0x24550000, 0x24aa0000, 0x29aa0000)
  eden space 4416K,   0% used [0x24550000, 0x24550000, 0x249a0000)
  from space 512K, 100% used [0x24a20000, 0x24aa0000, 0x24aa0000)
  to   space 512K,   0% used [0x249a0000, 0x249a0000, 0x24a20000)
 tenured generation   total 10944K, used 1411K [0x29aa0000, 0x2a550000, 0x34550000)
   the space 10944K,  12% used [0x29aa0000, 0x29c00c68, 0x29c00e00, 0x2a550000)
 compacting perm gen  total 12288K, used 1190K [0x34550000, 0x35150000, 0x38550000)
   the space 12288K,   9% used [0x34550000, 0x34679950, 0x34679a00, 0x35150000)
    ro space 10240K,  45% used [0x38550000, 0x389d9b28, 0x389d9c00, 0x38f50000)
    rw space 12288K,  54% used [0x38f50000, 0x395dd0e8, 0x395dd200, 0x39b50000)
}
Event: 0.501 GC heap before
{Heap before GC invocations=1 (full 0):
 def new generation   total 4928K, used 4928K [0x24550000, 0x24aa0000, 0x29aa0000)
  eden space 4416K, 100% used [0x24550000, 0x249a0000, 0x249a0000)
  from space 512K, 100% used [0x24a20000, 0x24aa0000, 0x24aa0000)
  to   space 512K,   0% used [0x249a0000, 0x249a0000, 0x24a20000)
 tenured generation   total 10944K, used 1411K [0x29aa0000, 0x2a550000, 0x34550000)
   the space 10944K,  12% used [0x29aa0000, 0x29c00c68, 0x29c00e00, 0x2a550000)
 compacting perm gen  total 12288K, used 2096K [0x34550000, 0x35150000, 0x38550000)
   the space 12288K,  17% used [0x34550000, 0x3475c388, 0x3475c400, 0x35150000)
    ro space 10240K,  45% used [0x38550000, 0x389d9b28, 0x389d9c00, 0x38f50000)
    rw space 12288K,  54% used [0x38f50000, 0x395dd0e8, 0x395dd200, 0x39b50000)
Event: 0.505 GC heap after
Heap after GC invocations=2 (full 0):
 def new generation   total 4928K, used 511K [0x24550000, 0x24aa0000, 0x29aa0000)
  eden space 4416K,   0% used [0x24550000, 0x24550000, 0x249a0000)
  from space 512K,  99% used [0x249a0000, 0x24a1fff8, 0x24a20000)
  to   space 512K,   0% used [0x24a20000, 0x24a20000, 0x24aa0000)
 tenured generation   total 10944K, used 2034K [0x29aa0000, 0x2a550000, 0x34550000)
   the space 10944K,  18% used [0x29aa0000, 0x29c9c9c8, 0x29c9ca00, 0x2a550000)
 compacting perm gen  total 12288K, used 2096K [0x34550000, 0x35150000, 0x38550000)
   the space 12288K,  17% used [0x34550000, 0x3475c388, 0x3475c400, 0x35150000)
    ro space 10240K,  45% used [0x38550000, 0x389d9b28, 0x389d9c00, 0x38f50000)
    rw space 12288K,  54% used [0x38f50000, 0x395dd0e8, 0x395dd200, 0x39b50000)
}
Event: 1.540 GC heap before
{Heap before GC invocations=2 (full 0):
 def new generation   total 4928K, used 4927K [0x24550000, 0x24aa0000, 0x29aa0000)
  eden space 4416K, 100% used [0x24550000, 0x249a0000, 0x249a0000)
  from space 512K,  99% used [0x249a0000, 0x24a1fff8, 0x24a20000)
  to   space 512K,   0% used [0x24a20000, 0x24a20000, 0x24aa0000)
 tenured generation   total 10944K, used 2034K [0x29aa0000, 0x2a550000, 0x34550000)
   the space 10944K,  18% used [0x29aa0000, 0x29c9c9c8, 0x29c9ca00, 0x2a550000)
 compacting perm gen  total 12288K, used 2502K [0x34550000, 0x35150000, 0x38550000)
   the space 12288K,  20% used [0x34550000, 0x347c1a40, 0x347c1c00, 0x35150000)
    ro space 10240K,  45% used [0x38550000, 0x389d9b28, 0x389d9c00, 0x38f50000)
    rw space 12288K,  54% used [0x38f50000, 0x395dd0e8, 0x395dd200, 0x39b50000)
Event: 1.542 GC heap after
Heap after GC invocations=3 (full 0):
 def new generation   total 4928K, used 346K [0x24550000, 0x24aa0000, 0x29aa0000)
  eden space 4416K,   0% used [0x24550000, 0x24550000, 0x249a0000)
  from space 512K,  67% used [0x24a20000, 0x24a76b80, 0x24aa0000)
  to   space 512K,   0% used [0x249a0000, 0x249a0000, 0x24a20000)
 tenured generation   total 10944K, used 2150K [0x29aa0000, 0x2a550000, 0x34550000)
   the space 10944K,  19% used [0x29aa0000, 0x29cb9b68, 0x29cb9c00, 0x2a550000)
 compacting perm gen  total 12288K, used 2502K [0x34550000, 0x35150000, 0x38550000)
   the space 12288K,  20% used [0x34550000, 0x347c1a40, 0x347c1c00, 0x35150000)
    ro space 10240K,  45% used [0x38550000, 0x389d9b28, 0x389d9c00, 0x38f50000)
    rw space 12288K,  54% used [0x38f50000, 0x395dd0e8, 0x395dd200, 0x39b50000)
}
Event: 4.910 GC heap before
{Heap before GC invocations=3 (full 0):
 def new generation   total 4928K, used 4412K [0x24550000, 0x24aa0000, 0x29aa0000)
  eden space 4416K,  92% used [0x24550000, 0x24948578, 0x249a0000)
  from space 512K,  67% used [0x24a20000, 0x24a76b80, 0x24aa0000)
  to   space 512K,   0% used [0x249a0000, 0x249a0000, 0x24a20000)
 tenured generation   total 10944K, used 3150K [0x29aa0000, 0x2a550000, 0x34550000)
   the space 10944K,  28% used [0x29aa0000, 0x29db3b78, 0x29db3c00, 0x2a550000)
 compacting perm gen  total 12288K, used 2685K [0x34550000, 0x35150000, 0x38550000)
   the space 12288K,  21% used [0x34550000, 0x347ef688, 0x347ef800, 0x35150000)
    ro space 10240K,  45% used [0x38550000, 0x389d9b28, 0x389d9c00, 0x38f50000)
    rw space 12288K,  54% used [0x38f50000, 0x395dd0e8, 0x395dd200, 0x39b50000)
Event: 4.913 GC heap after
Heap after GC invocations=4 (full 0):
 def new generation   total 4928K, used 275K [0x24550000, 0x24aa0000, 0x29aa0000)
  eden space 4416K,   0% used [0x24550000, 0x24550000, 0x249a0000)
  from space 512K,  53% used [0x249a0000, 0x249e4c08, 0x24a20000)
  to   space 512K,   0% used [0x24a20000, 0x24a20000, 0x24aa0000)
 tenured generation   total 10944K, used 4985K [0x29aa0000, 0x2a550000, 0x34550000)
   the space 10944K,  45% used [0x29aa0000, 0x29f7e7d0, 0x29f7e800, 0x2a550000)
 compacting perm gen  total 12288K, used 2685K [0x34550000, 0x35150000, 0x38550000)
   the space 12288K,  21% used [0x34550000, 0x347ef688, 0x347ef800, 0x35150000)
    ro space 10240K,  45% used [0x38550000, 0x389d9b28, 0x389d9c00, 0x38f50000)
    rw space 12288K,  54% used [0x38f50000, 0x395dd0e8, 0x395dd200, 0x39b50000)
}

Deoptimization events (0 events):
No events

Internal exceptions (10 events):
Event: 1.609 Thread 0x003fc400 Threw 0x246a8010 at C:\jdk7u2_32P\jdk7u25\hotspot\src\share\vm\prims\jvm.cpp:1235
Event: 1.609 Thread 0x003fc400 Threw 0x246adb78 at C:\jdk7u2_32P\jdk7u25\hotspot\src\share\vm\prims\jvm.cpp:1235
Event: 4.503 Thread 0x003fc400 Threw 0x246ef0b0 at C:\jdk7u2_32P\jdk7u25\hotspot\src\share\vm\prims\jvm.cpp:1235
Event: 4.507 Thread 0x003fc400 Threw 0x2472c690 at C:\jdk7u2_32P\jdk7u25\hotspot\src\share\vm\prims\jvm.cpp:1235
Event: 4.508 Thread 0x003fc400 Threw 0x24732c20 at C:\jdk7u2_32P\jdk7u25\hotspot\src\share\vm\prims\jvm.cpp:1235
Event: 4.510 Thread 0x003fc400 Threw 0x2474b618 at C:\jdk7u2_32P\jdk7u25\hotspot\src\share\vm\prims\jvm.cpp:1235
Event: 4.511 Thread 0x003fc400 Threw 0x24750378 at C:\jdk7u2_32P\jdk7u25\hotspot\src\share\vm\prims\jvm.cpp:1235
Event: 4.513 Thread 0x003fc400 Threw 0x24758170 at C:\jdk7u2_32P\jdk7u25\hotspot\src\share\vm\prims\jvm.cpp:1235
Event: 4.513 Thread 0x003fc400 Threw 0x2475c3d8 at C:\jdk7u2_32P\jdk7u25\hotspot\src\share\vm\prims\jvm.cpp:1235
Event: 4.902 Thread 0x003fc400 Threw 0x2477b298 at C:\jdk7u2_32P\jdk7u25\hotspot\src\share\vm\prims\jvm.cpp:1235

Events (10 events):
Event: 4.914 Executing VM operation: RevokeBias
Event: 4.914 Executing VM operation: RevokeBias done
Event: 4.914 Executing VM operation: BulkRevokeBias
Event: 4.915 Executing VM operation: BulkRevokeBias done
Event: 6.133 Executing VM operation: RevokeBias
Event: 6.133 Executing VM operation: RevokeBias done
Event: 6.134 Executing VM operation: RevokeBias
Event: 6.134 Executing VM operation: RevokeBias done
Event: 6.134 Executing VM operation: RevokeBias
Event: 6.134 Executing VM operation: RevokeBias done


Dynamic libraries:
0x010c0000 - 0x010ef000 	C:\Program Files\Java\jdk1.7.0_25\bin\java.exe
0x77270000 - 0x773f0000 	C:\Windows\SysWOW64\ntdll.dll
0x761f0000 - 0x76300000 	C:\Windows\syswow64\kernel32.dll
0x75b30000 - 0x75b77000 	C:\Windows\syswow64\KERNELBASE.dll
0x75c00000 - 0x75ca0000 	C:\Windows\syswow64\ADVAPI32.dll
0x76b90000 - 0x76c3c000 	C:\Windows\syswow64\msvcrt.dll
0x75f20000 - 0x75f39000 	C:\Windows\SysWOW64\sechost.dll
0x76520000 - 0x76610000 	C:\Windows\syswow64\RPCRT4.dll
0x74c00000 - 0x74c60000 	C:\Windows\syswow64\SspiCli.dll
0x74bf0000 - 0x74bfc000 	C:\Windows\syswow64\CRYPTBASE.dll
0x758d0000 - 0x759d0000 	C:\Windows\syswow64\USER32.dll
0x76490000 - 0x76520000 	C:\Windows\syswow64\GDI32.dll
0x76300000 - 0x7630a000 	C:\Windows\syswow64\LPK.dll
0x75e80000 - 0x75f1d000 	C:\Windows\syswow64\USP10.dll
0x70d00000 - 0x70e9e000 	C:\Windows\WinSxS\x86_microsoft.windows.common-controls_6595b64144ccf1df_6.0.7601.17514_none_41e6975e2bd6f2b2\COMCTL32.dll
0x76330000 - 0x76387000 	C:\Windows\syswow64\SHLWAPI.dll
0x76430000 - 0x76490000 	C:\Windows\system32\IMM32.DLL
0x767d0000 - 0x7689c000 	C:\Windows\syswow64\MSCTF.dll
0x698e0000 - 0x6999e000 	C:\Program Files\Java\jdk1.7.0_25\jre\bin\msvcr100.dll
0x69300000 - 0x69642000 	C:\Program Files\Java\jdk1.7.0_25\jre\bin\client\jvm.dll
0x709b0000 - 0x709b7000 	C:\Windows\system32\WSOCK32.dll
0x761b0000 - 0x761e5000 	C:\Windows\syswow64\WS2_32.dll
0x77240000 - 0x77246000 	C:\Windows\syswow64\NSI.dll
0x72c80000 - 0x72cb2000 	C:\Windows\system32\WINMM.dll
0x76a60000 - 0x76a65000 	C:\Windows\syswow64\PSAPI.DLL
0x71020000 - 0x7102c000 	C:\Program Files\Java\jdk1.7.0_25\jre\bin\verify.dll
0x69a20000 - 0x69a40000 	C:\Program Files\Java\jdk1.7.0_25\jre\bin\java.dll
0x6b440000 - 0x6b453000 	C:\Program Files\Java\jdk1.7.0_25\jre\bin\zip.dll
0x698c0000 - 0x698d4000 	C:\Program Files\Java\jdk1.7.0_25\jre\bin\net.dll
0x70930000 - 0x7096c000 	C:\Windows\system32\mswsock.dll
0x70920000 - 0x70926000 	C:\Windows\System32\wship6.dll
0x74460000 - 0x7446f000 	C:\Program Files\Java\jdk1.7.0_25\jre\bin\nio.dll
0x69770000 - 0x698b4000 	C:\Program Files\Java\jdk1.7.0_25\jre\bin\awt.dll
0x76af0000 - 0x76b7f000 	C:\Windows\syswow64\OLEAUT32.dll
0x768a0000 - 0x769fc000 	C:\Windows\syswow64\ole32.dll
0x72910000 - 0x72923000 	C:\Windows\system32\DWMAPI.DLL
0x72930000 - 0x729b0000 	C:\Windows\system32\uxtheme.dll
0x74c60000 - 0x758aa000 	C:\Windows\syswow64\SHELL32.dll
0x69730000 - 0x69761000 	C:\Program Files\Java\jdk1.7.0_25\jre\bin\fontmanager.dll
0x69700000 - 0x69730000 	C:\Program Files\Java\jdk1.7.0_25\jre\bin\t2k.dll
0x77940000 - 0x779fe000 	C:\Users\Skrzypek\AppData\Local\Temp\javacpp87020597724196\msvcr100.dll
0x5e040000 - 0x5e0a9000 	C:\Users\Skrzypek\AppData\Local\Temp\javacpp87020597724196\msvcp100.dll
0x77510000 - 0x77716000 	C:\Users\Skrzypek\AppData\Local\Temp\javacpp87020597724196\opencv_core249.dll
0x0f700000 - 0x0f848000 	C:\Users\Skrzypek\AppData\Local\Temp\javacpp87020597724196\jniopencv_core.dll
0x0fbb0000 - 0x0fe1d000 	C:\Users\Skrzypek\AppData\Local\Temp\javacpp87020597724196\opencv_imgproc249.dll
0x5bb00000 - 0x5bb80000 	C:\Users\Skrzypek\AppData\Local\Temp\javacpp87020597724196\jniopencv_imgproc.dll
0x06820000 - 0x07756000 	C:\Users\Skrzypek\AppData\Local\Temp\javacpp87020597724196\opencv_ffmpeg249.dll
0x07760000 - 0x07967000 	C:\Users\Skrzypek\AppData\Local\Temp\javacpp87020597724196\opencv_highgui249.dll
0x61a50000 - 0x61a69000 	C:\Windows\system32\AVIFIL32.dll
0x6c120000 - 0x6c134000 	C:\Windows\system32\MSACM32.dll
0x71110000 - 0x71131000 	C:\Windows\system32\MSVFW32.dll
0x710f0000 - 0x71103000 	C:\Windows\system32\AVICAP32.dll
0x747d0000 - 0x747d9000 	C:\Windows\system32\VERSION.dll
0x5b490000 - 0x5b4cc000 	C:\Users\Skrzypek\AppData\Local\Temp\javacpp87020597724196\jniopencv_highgui.dll
0x77460000 - 0x77504000 	C:\Users\Skrzypek\AppData\Local\Temp\javacpp87020597724196\opencv_objdetect249.dll
0x5b430000 - 0x5b485000 	C:\Users\Skrzypek\AppData\Local\Temp\javacpp87020597724196\jniopencv_objdetect.dll
0x76de0000 - 0x76e63000 	C:\Windows\syswow64\CLBCatQ.DLL
0x6c440000 - 0x6c454000 	C:\Windows\SysWOW64\devenum.dll
0x76620000 - 0x767bd000 	C:\Windows\syswow64\setupapi.dll
0x759d0000 - 0x759f7000 	C:\Windows\syswow64\CFGMGR32.dll
0x76310000 - 0x76322000 	C:\Windows\syswow64\DEVOBJ.dll
0x71260000 - 0x71281000 	C:\Windows\system32\ntmarta.dll
0x76c40000 - 0x76c85000 	C:\Windows\syswow64\WLDAP32.dll
0x75bc0000 - 0x75bef000 	C:\Windows\syswow64\WINTRUST.dll
0x75a00000 - 0x75b21000 	C:\Windows\syswow64\CRYPT32.dll
0x75f40000 - 0x75f4c000 	C:\Windows\syswow64\MSASN1.dll
0x70b30000 - 0x70b3b000 	C:\Windows\system32\msdmo.dll
0x778c0000 - 0x778f2000 	C:\Windows\SysWOW64\qcap.dll
0x70b80000 - 0x70cf7000 	C:\Windows\SysWOW64\quartz.dll
0x77900000 - 0x77933000 	C:\Windows\SysWOW64\ksproxy.ax
0x6c250000 - 0x6c254000 	C:\Windows\SysWOW64\ksuser.dll
0x70230000 - 0x703f3000 	C:\Windows\SysWOW64\d3d9.dll
0x70b40000 - 0x70b46000 	C:\Windows\SysWOW64\d3d8thk.dll
0x66610000 - 0x66619000 	C:\Windows\SysWOW64\vidcap.ax
0x61a00000 - 0x61a1d000 	C:\Windows\SysWOW64\kswdmcap.ax
0x08630000 - 0x0874c000 	C:\Windows\SysWOW64\MFC42.dll
0x6f2f0000 - 0x6f37c000 	C:\Windows\SysWOW64\ODBC32.dll
0x77420000 - 0x77458000 	C:\Windows\SysWOW64\odbcint.dll
0x14010000 - 0x14090000 	C:\Windows\SysWOW64\qedit.dll
0x76a70000 - 0x76aeb000 	C:\Windows\syswow64\COMDLG32.dll
0x729c0000 - 0x72b50000 	C:\Windows\WinSxS\x86_microsoft.windows.gdiplus_6595b64144ccf1df_1.1.7601.18455_none_72d576ad8665e853\gdiplus.dll
0x6d840000 - 0x6d927000 	C:\Windows\system32\DDRAW.dll
0x74230000 - 0x74236000 	C:\Windows\system32\DCIMAN32.dll
0x08ab0000 - 0x08b7c000 	C:\Windows\system32\D3DIM700.DLL
0x094b0000 - 0x098aa000 	C:\Windows\SysWow64\ffdshow.ax
0x773f0000 - 0x77415000 	C:\Windows\SysWow64\DINPUT.dll
0x0f850000 - 0x0f9aa000 	C:\Windows\SysWow64\VSFilter.dll
0x72c20000 - 0x72c71000 	C:\Windows\SysWow64\WINSPOOL.DRV
0x75ca0000 - 0x75e76000 	C:\Windows\syswow64\WININET.dll
0x75bf0000 - 0x75bf4000 	C:\Windows\syswow64\api-ms-win-downlevel-user32-l1-1-0.dll
0x75f50000 - 0x75f54000 	C:\Windows\syswow64\api-ms-win-downlevel-shlwapi-l1-1-0.dll
0x761a0000 - 0x761a4000 	C:\Windows\syswow64\api-ms-win-downlevel-version-l1-1-0.dll
0x76b80000 - 0x76b83000 	C:\Windows\syswow64\api-ms-win-downlevel-normaliz-l1-1-0.dll
0x76420000 - 0x76423000 	C:\Windows\syswow64\normaliz.DLL
0x75f60000 - 0x76192000 	C:\Windows\syswow64\iertutil.dll
0x76610000 - 0x76615000 	C:\Windows\syswow64\api-ms-win-downlevel-advapi32-l1-1-0.dll
0x758b0000 - 0x758c7000 	C:\Windows\syswow64\USERENV.dll
0x767c0000 - 0x767cb000 	C:\Windows\syswow64\profapi.dll
0x71170000 - 0x7125b000 	C:\Windows\system32\dbghelp.dll
0x66600000 - 0x66609000 	C:\Windows\system32\msyuv.dll

VM Arguments:
jvm_args: -Dfile.encoding=UTF-8 
java_command: Webcam
Launcher Type: SUN_STANDARD

Environment Variables:
JAVA_HOME=C:\Program Files\Java\jdk1.7.0_25
JRE_HOME=C:\Program Files\Java\jre7
CLASSPATH=C:\Program Files\Java\jdk1.7.0_25\bin
PATH=C:\Program Files (x86)\NVIDIA Corporation\PhysX\Common;D:\app\Skrzypek\product\11.2.0\dbhome_2\bin;D:\app\Skrzypek\product\11.2.0\dbhome_1\bin;C:\Program Files (x86)\ImageMagick-6.8.7-Q16;C:\Program Files (x86)\AMD APP\bin\x86_64;C:\Program Files (x86)\AMD APP\bin\x86;C:\Windows\system32;C:\Windows;C:\Windows\System32\Wbem;C:\Windows\System32\WindowsPowerShell\v1.0\;D:\MySQL\MySQL Utilities 1.3.4\;D:\Heroku\bin;C:\Program Files (x86)\git\cmd;D:\jetpack;C:\railsinstaller\DevKit200\bin;C:\RailsInstaller\Git\cmd;C:\RailsInstaller\Ruby200\bin;C:\Program Files\Java\jdk1.7.0_25\bin;D:\jarToExe\;D:\git\bin;H:\MATLAB\runtime\win64;H:\MATLAB\bin;D:\Calibre\;C:\Program Files\Apache Software Foundation\apache-maven-3.2.3\bin;C:\Program Files (x86)\Heroku\bin;D:\opencv\opencv\build\x86\vc10\bin;C:\RailsInstaller\Ruby200\bin;C:\RailsInstaller\Git\cmd;C:\Program Files\Java\jdk1.7.0_25\bin;D:\jarToExe\;C:\Program Files\Apache Software Foundation\apache-maven-3.2.3\bin
USERNAME=Skrzypek
OS=Windows_NT
PROCESSOR_IDENTIFIER=Intel64 Family 6 Model 42 Stepping 7, GenuineIntel



---------------  S Y S T E M  ---------------

OS: Windows 7 , 64 bit Build 7601 Service Pack 1

CPU:total 4 (2 cores per cpu, 2 threads per core) family 6 model 42 stepping 7, cmov, cx8, fxsr, mmx, sse, sse2, sse3, ssse3, sse4.1, sse4.2, popcnt, avx, ht, tsc, tscinvbit

Memory: 4k page, physical 8321400k(2165144k free), swap 16640936k(9533664k free)

vm_info: Java HotSpot(TM) Client VM (23.25-b01) for windows-x86 JRE (1.7.0_25-b17), built on Jun 21 2013 13:06:48 by "java_re" with unknown MS VC++:1600

time: Sat Nov 29 16:30:45 2014
elapsed time: 6 seconds

