#
# A fatal error has been detected by the Java Runtime Environment:
#
#  EXCEPTION_UNCAUGHT_CXX_EXCEPTION (0xe06d7363) at pc=0x76eec42d, pid=11008, tid=9032
#
# JRE version: 7.0_25-b17
# Java VM: Java HotSpot(TM) Client VM (23.25-b01 mixed mode, sharing windows-x86 )
# Problematic frame:
# C  [KERNELBASE.dll+0xc42d]  RaiseException+0x58
#
# Failed to write core dump. Minidumps are not enabled by default on client versions of Windows
#
# If you would like to submit a bug report, please visit:
#   http://bugreport.sun.com/bugreport/crash.jsp
# The crash happened outside the Java Virtual Machine in native code.
# See problematic frame for where to report the bug.
#

---------------  T H R E A D  ---------------

Current thread (0x00cec400):  JavaThread "main" [_thread_in_native, id=9032, stack(0x007a0000,0x007f0000)]

siginfo: ExceptionCode=0xe06d7363, ExceptionInformation=0x19930520 0x007df5ec 0x62f4a358 

Registers:
EAX=0x007df548, EBX=0x0000026a, ECX=0x00000003, EDX=0x00000000
ESP=0x007df548, EBP=0x007df598, ESI=0x007ef68c, EDI=0x69bb1ec6
EIP=0x76eec42d, EFLAGS=0x00000216

Top of Stack: (sp=0x007df548)
0x007df548:   e06d7363 00000001 00000000 76eec42d
0x007df558:   00000003 19930520 007df5ec 62f4a358
0x007df568:   00000000 08796738 007df650 007df55c
0x007df578:   007df650 0000002c 007df5a0 62d740de
0x007df588:   08796738 08796658 0000002c 007ef68c
0x007df598:   007df5d0 69bc7819 e06d7363 00000001
0x007df5a8:   00000003 007df5c4 e06d7363 00000001
0x007df5b8:   00000000 00000000 00000003 19930520 

Instructions: (pc=0x76eec42d)
0x76eec40d:   02 50 ff 75 14 8d 45 c4 50 e8 57 ad 02 00 83 c4
0x76eec41d:   0c eb 03 89 45 c0 8d 45 b0 50 ff 15 5c 11 ee 76
0x76eec42d:   c9 c2 10 00 cc cc cc cc cc 8b ff 55 8b ec 56 8b
0x76eec43d:   75 08 83 fe f4 72 18 83 fe f6 77 13 8d 45 08 50 


Register to memory mapping:

EAX=0x007df548 is pointing into the stack for thread: 0x00cec400
EBX=0x0000026a is an unknown value
ECX=0x00000003 is an unknown value
EDX=0x00000000 is an unknown value
ESP=0x007df548 is pointing into the stack for thread: 0x00cec400
EBP=0x007df598 is pointing into the stack for thread: 0x00cec400
ESI=0x007ef68c is pointing into the stack for thread: 0x00cec400
EDI=0x69bb1ec6 is an unknown value


Stack: [0x007a0000,0x007f0000],  sp=0x007df548,  free space=253k
Native frames: (J=compiled Java code, j=interpreted, Vv=VM code, C=native code)
C  [KERNELBASE.dll+0xc42d]  RaiseException+0x58
C  [msvcr100.dll+0x27819]  CxxThrowException+0x45

Java frames: (J=compiled Java code, j=interpreted, Vv=VM code)
j  org.bytedeco.javacpp.opencv_core.cvFlip(Lorg/bytedeco/javacpp/helper/opencv_core$CvArr;Lorg/bytedeco/javacpp/helper/opencv_core$CvArr;I)V+0
j  Webcam.main([Ljava/lang/String;)V+182
v  ~StubRoutines::call_stub

---------------  P R O C E S S  ---------------

Java Threads: ( => current thread )
  0x04ed0000 JavaThread "AWT-EventQueue-0" [_thread_blocked, id=6652, stack(0x076e0000,0x07730000)]
  0x04ec3400 JavaThread "AWT-Windows" daemon [_thread_in_native, id=10392, stack(0x068b0000,0x06900000)]
  0x04ec2c00 JavaThread "AWT-Shutdown" [_thread_blocked, id=6948, stack(0x069f0000,0x06a40000)]
  0x04ec0000 JavaThread "Java2D Disposer" daemon [_thread_blocked, id=10812, stack(0x04900000,0x04950000)]
  0x021f7c00 JavaThread "Service Thread" daemon [_thread_blocked, id=7748, stack(0x04a50000,0x04aa0000)]
  0x021f2000 JavaThread "C1 CompilerThread0" daemon [_thread_blocked, id=11332, stack(0x04780000,0x047d0000)]
  0x021f1000 JavaThread "Attach Listener" daemon [_thread_blocked, id=11832, stack(0x04950000,0x049a0000)]
  0x021ec000 JavaThread "Signal Dispatcher" daemon [_thread_blocked, id=11136, stack(0x04560000,0x045b0000)]
  0x021d5800 JavaThread "Finalizer" daemon [_thread_blocked, id=11592, stack(0x044f0000,0x04540000)]
  0x021d3c00 JavaThread "Reference Handler" daemon [_thread_blocked, id=6244, stack(0x04430000,0x04480000)]
=>0x00cec400 JavaThread "main" [_thread_in_native, id=9032, stack(0x007a0000,0x007f0000)]

Other Threads:
  0x021d2400 VMThread [stack: 0x045c0000,0x04610000] [id=11720]
  0x02213800 WatcherThread [stack: 0x04a00000,0x04a50000] [id=6776]

VM state:not at safepoint (normal execution)

VM Mutex/Monitor currently owned by a thread: None

Heap
 def new generation   total 4928K, used 3342K [0x24550000, 0x24aa0000, 0x29aa0000)
  eden space 4416K,  75% used [0x24550000, 0x24890810, 0x249a0000)
  from space 512K,   2% used [0x24a20000, 0x24a23330, 0x24aa0000)
  to   space 512K,   0% used [0x249a0000, 0x249a0000, 0x24a20000)
 tenured generation   total 10944K, used 2583K [0x29aa0000, 0x2a550000, 0x34550000)
   the space 10944K,  23% used [0x29aa0000, 0x29d25fe0, 0x29d26000, 0x2a550000)
 compacting perm gen  total 12288K, used 2588K [0x34550000, 0x35150000, 0x38550000)
   the space 12288K,  21% used [0x34550000, 0x347d7090, 0x347d7200, 0x35150000)
    ro space 10240K,  45% used [0x38550000, 0x389d9b28, 0x389d9c00, 0x38f50000)
    rw space 12288K,  54% used [0x38f50000, 0x395dd0e8, 0x395dd200, 0x39b50000)

Card table byte_map: [0x04310000,0x043c0000] byte_map_base: 0x041ed580

Polling page: 0x00160000

Code Cache  [0x02290000, 0x02428000, 0x04290000)
 total_blobs=1046 nmethods=786 adapters=194 free_code_cache=31171Kb largest_free_block=31915136

Compilation events (10 events):
Event: 15.235 Thread 0x021f2000  784             java.lang.ClassLoader::checkName (43 bytes)
Event: 15.236 Thread 0x021f2000 nmethod 784 0x0233fc08 code [0x0233fd30, 0x0233fee8]
Event: 15.236 Thread 0x021f2000  785             sun.misc.VM::allowArraySyntax (4 bytes)
Event: 15.236 Thread 0x021f2000 nmethod 785 0x0233fa48 code [0x0233fb40, 0x0233fbc0]
Event: 18.646 Thread 0x021f2000  786   !         Webcam::captureImage (121 bytes)
Event: 18.646 Thread 0x021f2000 nmethod 786 0x02373108 code [0x023732c0, 0x023737e4]
Event: 18.744 Thread 0x021f2000    3 %           java.awt.EventDispatchThread::pumpEventsForFilter @ 10 (47 bytes)
Event: 18.745 Thread 0x021f2000 nmethod 3% 0x0233f448 code [0x0233f580, 0x0233f760]
Event: 19.007 Thread 0x021f2000  787             sun.misc.VM::addFinalRefCount (24 bytes)
Event: 19.007 Thread 0x021f2000 nmethod 787 0x02372f08 code [0x02373000, 0x023730b0]

GC Heap History (10 events):
Event: 19.262 GC heap before
{Heap before GC invocations=20 (full 0):
 def new generation   total 4928K, used 4430K [0x24550000, 0x24aa0000, 0x29aa0000)
  eden space 4416K, 100% used [0x24550000, 0x249a0000, 0x249a0000)
  from space 512K,   2% used [0x249a0000, 0x249a3a78, 0x24a20000)
  to   space 512K,   0% used [0x24a20000, 0x24a20000, 0x24aa0000)
 tenured generation   total 10944K, used 2583K [0x29aa0000, 0x2a550000, 0x34550000)
   the space 10944K,  23% used [0x29aa0000, 0x29d25f70, 0x29d26000, 0x2a550000)
 compacting perm gen  total 12288K, used 2586K [0x34550000, 0x35150000, 0x38550000)
   the space 12288K,  21% used [0x34550000, 0x347d6b40, 0x347d6c00, 0x35150000)
    ro space 10240K,  45% used [0x38550000, 0x389d9b28, 0x389d9c00, 0x38f50000)
    rw space 12288K,  54% used [0x38f50000, 0x395dd0e8, 0x395dd200, 0x39b50000)
Event: 19.263 GC heap after
Heap after GC invocations=21 (full 0):
 def new generation   total 4928K, used 13K [0x24550000, 0x24aa0000, 0x29aa0000)
  eden space 4416K,   0% used [0x24550000, 0x24550000, 0x249a0000)
  from space 512K,   2% used [0x24a20000, 0x24a23768, 0x24aa0000)
  to   space 512K,   0% used [0x249a0000, 0x249a0000, 0x24a20000)
 tenured generation   total 10944K, used 2583K [0x29aa0000, 0x2a550000, 0x34550000)
   the space 10944K,  23% used [0x29aa0000, 0x29d25f70, 0x29d26000, 0x2a550000)
 compacting perm gen  total 12288K, used 2586K [0x34550000, 0x35150000, 0x38550000)
   the space 12288K,  21% used [0x34550000, 0x347d6b40, 0x347d6c00, 0x35150000)
    ro space 10240K,  45% used [0x38550000, 0x389d9b28, 0x389d9c00, 0x38f50000)
    rw space 12288K,  54% used [0x38f50000, 0x395dd0e8, 0x395dd200, 0x39b50000)
}
Event: 19.337 GC heap before
{Heap before GC invocations=21 (full 0):
 def new generation   total 4928K, used 4429K [0x24550000, 0x24aa0000, 0x29aa0000)
  eden space 4416K, 100% used [0x24550000, 0x249a0000, 0x249a0000)
  from space 512K,   2% used [0x24a20000, 0x24a23768, 0x24aa0000)
  to   space 512K,   0% used [0x249a0000, 0x249a0000, 0x24a20000)
 tenured generation   total 10944K, used 2583K [0x29aa0000, 0x2a550000, 0x34550000)
   the space 10944K,  23% used [0x29aa0000, 0x29d25f70, 0x29d26000, 0x2a550000)
 compacting perm gen  total 12288K, used 2586K [0x34550000, 0x35150000, 0x38550000)
   the space 12288K,  21% used [0x34550000, 0x347d6b40, 0x347d6c00, 0x35150000)
    ro space 10240K,  45% used [0x38550000, 0x389d9b28, 0x389d9c00, 0x38f50000)
    rw space 12288K,  54% used [0x38f50000, 0x395dd0e8, 0x395dd200, 0x39b50000)
Event: 19.337 GC heap after
Heap after GC invocations=22 (full 0):
 def new generation   total 4928K, used 13K [0x24550000, 0x24aa0000, 0x29aa0000)
  eden space 4416K,   0% used [0x24550000, 0x24550000, 0x249a0000)
  from space 512K,   2% used [0x249a0000, 0x249a36d8, 0x24a20000)
  to   space 512K,   0% used [0x24a20000, 0x24a20000, 0x24aa0000)
 tenured generation   total 10944K, used 2583K [0x29aa0000, 0x2a550000, 0x34550000)
   the space 10944K,  23% used [0x29aa0000, 0x29d25fe0, 0x29d26000, 0x2a550000)
 compacting perm gen  total 12288K, used 2586K [0x34550000, 0x35150000, 0x38550000)
   the space 12288K,  21% used [0x34550000, 0x347d6b40, 0x347d6c00, 0x35150000)
    ro space 10240K,  45% used [0x38550000, 0x389d9b28, 0x389d9c00, 0x38f50000)
    rw space 12288K,  54% used [0x38f50000, 0x395dd0e8, 0x395dd200, 0x39b50000)
}
Event: 19.418 GC heap before
{Heap before GC invocations=22 (full 0):
 def new generation   total 4928K, used 4429K [0x24550000, 0x24aa0000, 0x29aa0000)
  eden space 4416K, 100% used [0x24550000, 0x249a0000, 0x249a0000)
  from space 512K,   2% used [0x249a0000, 0x249a36d8, 0x24a20000)
  to   space 512K,   0% used [0x24a20000, 0x24a20000, 0x24aa0000)
 tenured generation   total 10944K, used 2583K [0x29aa0000, 0x2a550000, 0x34550000)
   the space 10944K,  23% used [0x29aa0000, 0x29d25fe0, 0x29d26000, 0x2a550000)
 compacting perm gen  total 12288K, used 2586K [0x34550000, 0x35150000, 0x38550000)
   the space 12288K,  21% used [0x34550000, 0x347d6b40, 0x347d6c00, 0x35150000)
    ro space 10240K,  45% used [0x38550000, 0x389d9b28, 0x389d9c00, 0x38f50000)
    rw space 12288K,  54% used [0x38f50000, 0x395dd0e8, 0x395dd200, 0x39b50000)
Event: 19.419 GC heap after
Heap after GC invocations=23 (full 0):
 def new generation   total 4928K, used 14K [0x24550000, 0x24aa0000, 0x29aa0000)
  eden space 4416K,   0% used [0x24550000, 0x24550000, 0x249a0000)
  from space 512K,   2% used [0x24a20000, 0x24a238c8, 0x24aa0000)
  to   space 512K,   0% used [0x249a0000, 0x249a0000, 0x24a20000)
 tenured generation   total 10944K, used 2583K [0x29aa0000, 0x2a550000, 0x34550000)
   the space 10944K,  23% used [0x29aa0000, 0x29d25fe0, 0x29d26000, 0x2a550000)
 compacting perm gen  total 12288K, used 2586K [0x34550000, 0x35150000, 0x38550000)
   the space 12288K,  21% used [0x34550000, 0x347d6b40, 0x347d6c00, 0x35150000)
    ro space 10240K,  45% used [0x38550000, 0x389d9b28, 0x389d9c00, 0x38f50000)
    rw space 12288K,  54% used [0x38f50000, 0x395dd0e8, 0x395dd200, 0x39b50000)
}
Event: 19.497 GC heap before
{Heap before GC invocations=23 (full 0):
 def new generation   total 4928K, used 4430K [0x24550000, 0x24aa0000, 0x29aa0000)
  eden space 4416K, 100% used [0x24550000, 0x249a0000, 0x249a0000)
  from space 512K,   2% used [0x24a20000, 0x24a238c8, 0x24aa0000)
  to   space 512K,   0% used [0x249a0000, 0x249a0000, 0x24a20000)
 tenured generation   total 10944K, used 2583K [0x29aa0000, 0x2a550000, 0x34550000)
   the space 10944K,  23% used [0x29aa0000, 0x29d25fe0, 0x29d26000, 0x2a550000)
 compacting perm gen  total 12288K, used 2586K [0x34550000, 0x35150000, 0x38550000)
   the space 12288K,  21% used [0x34550000, 0x347d6b40, 0x347d6c00, 0x35150000)
    ro space 10240K,  45% used [0x38550000, 0x389d9b28, 0x389d9c00, 0x38f50000)
    rw space 12288K,  54% used [0x38f50000, 0x395dd0e8, 0x395dd200, 0x39b50000)
Event: 19.497 GC heap after
Heap after GC invocations=24 (full 0):
 def new generation   total 4928K, used 12K [0x24550000, 0x24aa0000, 0x29aa0000)
  eden space 4416K,   0% used [0x24550000, 0x24550000, 0x249a0000)
  from space 512K,   2% used [0x249a0000, 0x249a33b0, 0x24a20000)
  to   space 512K,   0% used [0x24a20000, 0x24a20000, 0x24aa0000)
 tenured generation   total 10944K, used 2583K [0x29aa0000, 0x2a550000, 0x34550000)
   the space 10944K,  23% used [0x29aa0000, 0x29d25fe0, 0x29d26000, 0x2a550000)
 compacting perm gen  total 12288K, used 2586K [0x34550000, 0x35150000, 0x38550000)
   the space 12288K,  21% used [0x34550000, 0x347d6b40, 0x347d6c00, 0x35150000)
    ro space 10240K,  45% used [0x38550000, 0x389d9b28, 0x389d9c00, 0x38f50000)
    rw space 12288K,  54% used [0x38f50000, 0x395dd0e8, 0x395dd200, 0x39b50000)
}
Event: 19.582 GC heap before
{Heap before GC invocations=24 (full 0):
 def new generation   total 4928K, used 4428K [0x24550000, 0x24aa0000, 0x29aa0000)
  eden space 4416K, 100% used [0x24550000, 0x249a0000, 0x249a0000)
  from space 512K,   2% used [0x249a0000, 0x249a33b0, 0x24a20000)
  to   space 512K,   0% used [0x24a20000, 0x24a20000, 0x24aa0000)
 tenured generation   total 10944K, used 2583K [0x29aa0000, 0x2a550000, 0x34550000)
   the space 10944K,  23% used [0x29aa0000, 0x29d25fe0, 0x29d26000, 0x2a550000)
 compacting perm gen  total 12288K, used 2586K [0x34550000, 0x35150000, 0x38550000)
   the space 12288K,  21% used [0x34550000, 0x347d6b40, 0x347d6c00, 0x35150000)
    ro space 10240K,  45% used [0x38550000, 0x389d9b28, 0x389d9c00, 0x38f50000)
    rw space 12288K,  54% used [0x38f50000, 0x395dd0e8, 0x395dd200, 0x39b50000)
Event: 19.582 GC heap after
Heap after GC invocations=25 (full 0):
 def new generation   total 4928K, used 12K [0x24550000, 0x24aa0000, 0x29aa0000)
  eden space 4416K,   0% used [0x24550000, 0x24550000, 0x249a0000)
  from space 512K,   2% used [0x24a20000, 0x24a23330, 0x24aa0000)
  to   space 512K,   0% used [0x249a0000, 0x249a0000, 0x24a20000)
 tenured generation   total 10944K, used 2583K [0x29aa0000, 0x2a550000, 0x34550000)
   the space 10944K,  23% used [0x29aa0000, 0x29d25fe0, 0x29d26000, 0x2a550000)
 compacting perm gen  total 12288K, used 2586K [0x34550000, 0x35150000, 0x38550000)
   the space 12288K,  21% used [0x34550000, 0x347d6b40, 0x347d6c00, 0x35150000)
    ro space 10240K,  45% used [0x38550000, 0x389d9b28, 0x389d9c00, 0x38f50000)
    rw space 12288K,  54% used [0x38f50000, 0x395dd0e8, 0x395dd200, 0x39b50000)
}

Deoptimization events (0 events):
No events

Internal exceptions (10 events):
Event: 3.615 Thread 0x00cec400 Threw 0x24951fd8 at C:\jdk7u2_32P\jdk7u25\hotspot\src\share\vm\prims\jni.cpp:716
Event: 3.635 Thread 0x00cec400 Threw 0x249978f8 at C:\jdk7u2_32P\jdk7u25\hotspot\src\share\vm\prims\jvm.cpp:1235
Event: 3.636 Thread 0x00cec400 Threw 0x2499bb60 at C:\jdk7u2_32P\jdk7u25\hotspot\src\share\vm\prims\jvm.cpp:1235
Event: 5.559 Thread 0x00cec400 Threw 0x245d3c90 at C:\jdk7u2_32P\jdk7u25\hotspot\src\share\vm\prims\jvm.cpp:1235
Event: 5.568 Thread 0x00cec400 Threw 0x245e8b40 at C:\jdk7u2_32P\jdk7u25\hotspot\src\share\vm\prims\jvm.cpp:1235
Event: 5.828 Thread 0x00cec400 Threw 0x2460d0e0 at C:\jdk7u2_32P\jdk7u25\hotspot\src\share\vm\prims\jvm.cpp:1235
Event: 15.233 Thread 0x00cec400 Threw 0x24924998 at C:\jdk7u2_32P\jdk7u25\hotspot\src\share\vm\prims\jvm.cpp:1235
Event: 15.234 Thread 0x00cec400 Threw 0x24929180 at C:\jdk7u2_32P\jdk7u25\hotspot\src\share\vm\prims\jvm.cpp:1235
Event: 15.235 Thread 0x00cec400 Threw 0x24944ba8 at C:\jdk7u2_32P\jdk7u25\hotspot\src\share\vm\prims\jvm.cpp:1235
Event: 15.235 Thread 0x00cec400 Threw 0x2494cc70 at C:\jdk7u2_32P\jdk7u25\hotspot\src\share\vm\prims\jvm.cpp:1235

Events (10 events):
Event: 19.337 Executing VM operation: GenCollectForAllocation
Event: 19.337 Executing VM operation: GenCollectForAllocation done
Event: 19.418 Executing VM operation: GenCollectForAllocation
Event: 19.419 Executing VM operation: GenCollectForAllocation done
Event: 19.497 Executing VM operation: GenCollectForAllocation
Event: 19.497 Executing VM operation: GenCollectForAllocation done
Event: 19.582 Executing VM operation: GenCollectForAllocation
Event: 19.582 Executing VM operation: GenCollectForAllocation done
Event: 21.574 loading class 0x39bc4760
Event: 21.574 loading class 0x39bc4760 done


Dynamic libraries:
0x00cf0000 - 0x00d1f000 	C:\Program Files\Java\jdk1.7.0_25\bin\java.exe
0x77930000 - 0x77ab0000 	C:\Windows\SysWOW64\ntdll.dll
0x75e10000 - 0x75f20000 	C:\Windows\syswow64\kernel32.dll
0x76ee0000 - 0x76f27000 	C:\Windows\syswow64\KERNELBASE.dll
0x75480000 - 0x75520000 	C:\Windows\syswow64\ADVAPI32.dll
0x772a0000 - 0x7734c000 	C:\Windows\syswow64\msvcrt.dll
0x75df0000 - 0x75e09000 	C:\Windows\SysWOW64\sechost.dll
0x771b0000 - 0x772a0000 	C:\Windows\syswow64\RPCRT4.dll
0x752c0000 - 0x75320000 	C:\Windows\syswow64\SspiCli.dll
0x752b0000 - 0x752bc000 	C:\Windows\syswow64\CRYPTBASE.dll
0x77430000 - 0x77530000 	C:\Windows\syswow64\USER32.dll
0x77120000 - 0x771b0000 	C:\Windows\syswow64\GDI32.dll
0x75550000 - 0x7555a000 	C:\Windows\syswow64\LPK.dll
0x758c0000 - 0x7595d000 	C:\Windows\syswow64\USP10.dll
0x71530000 - 0x716ce000 	C:\Windows\WinSxS\x86_microsoft.windows.common-controls_6595b64144ccf1df_6.0.7601.17514_none_41e6975e2bd6f2b2\COMCTL32.dll
0x76e50000 - 0x76ea7000 	C:\Windows\syswow64\SHLWAPI.dll
0x773d0000 - 0x77430000 	C:\Windows\system32\IMM32.DLL
0x75970000 - 0x75a3c000 	C:\Windows\syswow64\MSCTF.dll
0x69ba0000 - 0x69c5e000 	C:\Program Files\Java\jdk1.7.0_25\jre\bin\msvcr100.dll
0x665d0000 - 0x66912000 	C:\Program Files\Java\jdk1.7.0_25\jre\bin\client\jvm.dll
0x71a90000 - 0x71a97000 	C:\Windows\system32\WSOCK32.dll
0x75b60000 - 0x75b95000 	C:\Windows\syswow64\WS2_32.dll
0x75750000 - 0x75756000 	C:\Windows\syswow64\NSI.dll
0x735f0000 - 0x73622000 	C:\Windows\system32\WINMM.dll
0x758a0000 - 0x758a5000 	C:\Windows\syswow64\PSAPI.DLL
0x69cd0000 - 0x69cdc000 	C:\Program Files\Java\jdk1.7.0_25\jre\bin\verify.dll
0x69cb0000 - 0x69cd0000 	C:\Program Files\Java\jdk1.7.0_25\jre\bin\java.dll
0x69c90000 - 0x69ca3000 	C:\Program Files\Java\jdk1.7.0_25\jre\bin\zip.dll
0x65ba0000 - 0x65c5e000 	C:\Users\Skrzypek\AppData\Local\Temp\javacpp17963877938871\msvcr100.dll
0x63180000 - 0x631e9000 	C:\Users\Skrzypek\AppData\Local\Temp\javacpp17963877938871\msvcp100.dll
0x62d70000 - 0x62f76000 	C:\Users\Skrzypek\AppData\Local\Temp\javacpp17963877938871\opencv_core249.dll
0x62b10000 - 0x62c58000 	C:\Users\Skrzypek\AppData\Local\Temp\javacpp17963877938871\jniopencv_core.dll
0x62550000 - 0x627bd000 	C:\Users\Skrzypek\AppData\Local\Temp\javacpp17963877938871\opencv_imgproc249.dll
0x63100000 - 0x63180000 	C:\Users\Skrzypek\AppData\Local\Temp\javacpp17963877938871\jniopencv_imgproc.dll
0x05290000 - 0x061c6000 	C:\Users\Skrzypek\AppData\Local\Temp\javacpp17963877938871\opencv_ffmpeg249.dll
0x62340000 - 0x62547000 	C:\Users\Skrzypek\AppData\Local\Temp\javacpp17963877938871\opencv_highgui249.dll
0x75320000 - 0x7547c000 	C:\Windows\syswow64\ole32.dll
0x75a40000 - 0x75acf000 	C:\Windows\syswow64\OLEAUT32.dll
0x65b40000 - 0x65b59000 	C:\Windows\system32\AVIFIL32.dll
0x5cb50000 - 0x5cb64000 	C:\Windows\system32\MSACM32.dll
0x744a0000 - 0x744c1000 	C:\Windows\system32\MSVFW32.dll
0x75f20000 - 0x76b6a000 	C:\Windows\syswow64\SHELL32.dll
0x74480000 - 0x74493000 	C:\Windows\system32\AVICAP32.dll
0x750c0000 - 0x750c9000 	C:\Windows\system32\VERSION.dll
0x65b00000 - 0x65b3c000 	C:\Users\Skrzypek\AppData\Local\Temp\javacpp17963877938871\jniopencv_highgui.dll
0x62cc0000 - 0x62d64000 	C:\Users\Skrzypek\AppData\Local\Temp\javacpp17963877938871\opencv_objdetect249.dll
0x658a0000 - 0x658f5000 	C:\Users\Skrzypek\AppData\Local\Temp\javacpp17963877938871\jniopencv_objdetect.dll
0x69670000 - 0x697b4000 	C:\Program Files\Java\jdk1.7.0_25\jre\bin\awt.dll
0x73200000 - 0x73213000 	C:\Windows\system32\DWMAPI.DLL
0x73220000 - 0x732a0000 	C:\Windows\system32\uxtheme.dll
0x69b60000 - 0x69b91000 	C:\Program Files\Java\jdk1.7.0_25\jre\bin\fontmanager.dll
0x75bf0000 - 0x75c73000 	C:\Windows\syswow64\CLBCatQ.DLL
0x62c70000 - 0x62c84000 	C:\Windows\SysWOW64\devenum.dll
0x76f50000 - 0x770ed000 	C:\Windows\syswow64\setupapi.dll
0x75520000 - 0x75547000 	C:\Windows\syswow64\CFGMGR32.dll
0x76b70000 - 0x76b82000 	C:\Windows\syswow64\DEVOBJ.dll
0x73d20000 - 0x73d41000 	C:\Windows\system32\ntmarta.dll
0x75ba0000 - 0x75be5000 	C:\Windows\syswow64\WLDAP32.dll
0x76eb0000 - 0x76edf000 	C:\Windows\syswow64\WINTRUST.dll
0x75760000 - 0x75881000 	C:\Windows\syswow64\CRYPT32.dll
0x75c80000 - 0x75c8c000 	C:\Windows\syswow64\MSASN1.dll
0x62c60000 - 0x62c6b000 	C:\Windows\system32\msdmo.dll
0x62300000 - 0x62332000 	C:\Windows\SysWOW64\qcap.dll
0x74300000 - 0x74477000 	C:\Windows\SysWOW64\quartz.dll
0x622c0000 - 0x622f3000 	C:\Windows\SysWOW64\ksproxy.ax
0x62ae0000 - 0x62ae4000 	C:\Windows\SysWOW64\ksuser.dll
0x73ea0000 - 0x74063000 	C:\Windows\SysWOW64\d3d9.dll
0x73e90000 - 0x73e96000 	C:\Windows\SysWOW64\d3d8thk.dll
0x69af0000 - 0x69af9000 	C:\Windows\SysWOW64\vidcap.ax
0x630e0000 - 0x630fd000 	C:\Windows\SysWOW64\kswdmcap.ax
0x621a0000 - 0x622bc000 	C:\Windows\SysWOW64\MFC42.dll
0x62070000 - 0x620fc000 	C:\Windows\SysWOW64\ODBC32.dll
0x62160000 - 0x62198000 	C:\Windows\SysWOW64\odbcint.dll
0x61ff0000 - 0x62070000 	C:\Windows\SysWOW64\qedit.dll
0x77350000 - 0x773cb000 	C:\Windows\syswow64\COMDLG32.dll
0x732b0000 - 0x73440000 	C:\Windows\WinSxS\x86_microsoft.windows.gdiplus_6595b64144ccf1df_1.1.7601.18455_none_72d576ad8665e853\gdiplus.dll
0x5f940000 - 0x5fa27000 	C:\Windows\system32\DDRAW.dll
0x61400000 - 0x61406000 	C:\Windows\system32\DCIMAN32.dll
0x61f20000 - 0x61fec000 	C:\Windows\system32\D3DIM700.DLL
0x59620000 - 0x59a1a000 	C:\Windows\SysWow64\ffdshow.ax
0x62c90000 - 0x62cb5000 	C:\Windows\SysWow64\DINPUT.dll
0x61dc0000 - 0x61f1a000 	C:\Windows\SysWow64\VSFilter.dll
0x73510000 - 0x73561000 	C:\Windows\SysWow64\WINSPOOL.DRV
0x75560000 - 0x75736000 	C:\Windows\syswow64\WININET.dll
0x76e30000 - 0x76e34000 	C:\Windows\syswow64\api-ms-win-downlevel-user32-l1-1-0.dll
0x76e40000 - 0x76e44000 	C:\Windows\syswow64\api-ms-win-downlevel-shlwapi-l1-1-0.dll
0x75890000 - 0x75894000 	C:\Windows\syswow64\api-ms-win-downlevel-version-l1-1-0.dll
0x75de0000 - 0x75de3000 	C:\Windows\syswow64\api-ms-win-downlevel-normaliz-l1-1-0.dll
0x77900000 - 0x77903000 	C:\Windows\syswow64\normaliz.DLL
0x76b90000 - 0x76dc2000 	C:\Windows\syswow64\iertutil.dll
0x758b0000 - 0x758b5000 	C:\Windows\syswow64\api-ms-win-downlevel-advapi32-l1-1-0.dll
0x76f30000 - 0x76f47000 	C:\Windows\syswow64\USERENV.dll
0x75960000 - 0x7596b000 	C:\Windows\syswow64\profapi.dll
0x69c70000 - 0x69c84000 	C:\Program Files\Java\jdk1.7.0_25\jre\bin\net.dll
0x71980000 - 0x719bc000 	C:\Windows\system32\mswsock.dll
0x71970000 - 0x71976000 	C:\Windows\System32\wship6.dll
0x69c60000 - 0x69c6f000 	C:\Program Files\Java\jdk1.7.0_25\jre\bin\nio.dll
0x69b30000 - 0x69b60000 	C:\Program Files\Java\jdk1.7.0_25\jre\bin\t2k.dll
0x68b10000 - 0x68b19000 	C:\Windows\system32\msyuv.dll
0x68ee0000 - 0x68fcb000 	C:\Windows\system32\dbghelp.dll

VM Arguments:
jvm_args: -Dfile.encoding=UTF-8 
java_command: Webcam
Launcher Type: SUN_STANDARD

Environment Variables:
JAVA_HOME=C:\Program Files\Java\jdk1.7.0_25
JRE_HOME=C:\Program Files\Java\jre7
CLASSPATH=C:\Program Files\Java\jdk1.7.0_25\bin
PATH=C:\Program Files (x86)\NVIDIA Corporation\PhysX\Common;D:\app\Skrzypek\product\11.2.0\dbhome_2\bin;D:\app\Skrzypek\product\11.2.0\dbhome_1\bin;C:\Program Files (x86)\ImageMagick-6.8.7-Q16;C:\Program Files (x86)\AMD APP\bin\x86_64;C:\Program Files (x86)\AMD APP\bin\x86;C:\Windows\system32;C:\Windows;C:\Windows\System32\Wbem;C:\Windows\System32\WindowsPowerShell\v1.0\;D:\MySQL\MySQL Utilities 1.3.4\;D:\Heroku\bin;C:\Program Files (x86)\git\cmd;D:\jetpack;C:\railsinstaller\DevKit200\bin;C:\RailsInstaller\Git\cmd;C:\RailsInstaller\Ruby200\bin;C:\Program Files\Java\jdk1.7.0_25\bin;D:\jarToExe\;D:\git\bin;H:\MATLAB\runtime\win64;H:\MATLAB\bin;D:\Calibre\;C:\Program Files\Apache Software Foundation\apache-maven-3.2.3\bin;C:\Program Files (x86)\Heroku\bin;D:\opencv\opencv\build\x86\vc10\bin;C:\RailsInstaller\Ruby200\bin;C:\RailsInstaller\Git\cmd;C:\Program Files\Java\jdk1.7.0_25\bin;D:\jarToExe\;C:\Program Files\Apache Software Foundation\apache-maven-3.2.3\bin
USERNAME=Skrzypek
OS=Windows_NT
PROCESSOR_IDENTIFIER=Intel64 Family 6 Model 42 Stepping 7, GenuineIntel



---------------  S Y S T E M  ---------------

OS: Windows 7 , 64 bit Build 7601 Service Pack 1

CPU:total 4 (2 cores per cpu, 2 threads per core) family 6 model 42 stepping 7, cmov, cx8, fxsr, mmx, sse, sse2, sse3, ssse3, sse4.1, sse4.2, popcnt, avx, ht, tsc, tscinvbit

Memory: 4k page, physical 8321400k(3111752k free), swap 16640936k(10519952k free)

vm_info: Java HotSpot(TM) Client VM (23.25-b01) for windows-x86 JRE (1.7.0_25-b17), built on Jun 21 2013 13:06:48 by "java_re" with unknown MS VC++:1600

time: Thu Nov 27 20:36:30 2014
elapsed time: 24 seconds

